{"C:\\Users\\user\\Desktop\\atypikhouse\\server.js": {"path":"C:\\Users\\user\\Desktop\\atypikhouse\\server.js","statementMap":{"0":{"start":{"line":1,"column":16},"end":{"line":1,"column":34}},"1":{"start":{"line":2,"column":19},"end":{"line":2,"column":41}},"2":{"start":{"line":3,"column":21},"end":{"line":3,"column":45}},"3":{"start":{"line":4,"column":19},"end":{"line":4,"column":49}},"4":{"start":{"line":5,"column":19},"end":{"line":5,"column":49}},"5":{"start":{"line":6,"column":20},"end":{"line":6,"column":51}},"6":{"start":{"line":7,"column":22},"end":{"line":7,"column":55}},"7":{"start":{"line":8,"column":0},"end":{"line":8,"column":50}},"8":{"start":{"line":9,"column":11},"end":{"line":9,"column":33}},"9":{"start":{"line":10,"column":0},"end":{"line":10,"column":10}},"10":{"start":{"line":11,"column":34},"end":{"line":11,"column":68}},"11":{"start":{"line":12,"column":13},"end":{"line":12,"column":28}},"12":{"start":{"line":13,"column":13},"end":{"line":13,"column":28}},"13":{"start":{"line":15,"column":12},"end":{"line":15,"column":21}},"14":{"start":{"line":19,"column":21},"end":{"line":26,"column":1}},"15":{"start":{"line":28,"column":0},"end":{"line":28,"column":28}},"16":{"start":{"line":29,"column":0},"end":{"line":29,"column":23}},"17":{"start":{"line":31,"column":0},"end":{"line":31,"column":27}},"18":{"start":{"line":32,"column":0},"end":{"line":32,"column":49}},"19":{"start":{"line":33,"column":0},"end":{"line":33,"column":24}},"20":{"start":{"line":36,"column":0},"end":{"line":36,"column":24}},"21":{"start":{"line":37,"column":0},"end":{"line":40,"column":3}},"22":{"start":{"line":38,"column":2},"end":{"line":38,"column":44}},"23":{"start":{"line":39,"column":2},"end":{"line":39,"column":9}},"24":{"start":{"line":43,"column":0},"end":{"line":43,"column":33}},"25":{"start":{"line":44,"column":0},"end":{"line":44,"column":33}},"26":{"start":{"line":45,"column":0},"end":{"line":45,"column":35}},"27":{"start":{"line":46,"column":0},"end":{"line":46,"column":39}},"28":{"start":{"line":54,"column":0},"end":{"line":60,"column":1}},"29":{"start":{"line":55,"column":2},"end":{"line":55,"column":42}},"30":{"start":{"line":57,"column":2},"end":{"line":59,"column":4}},"31":{"start":{"line":58,"column":4},"end":{"line":58,"column":75}},"32":{"start":{"line":63,"column":0},"end":{"line":65,"column":3}},"33":{"start":{"line":64,"column":2},"end":{"line":64,"column":55}},"34":{"start":{"line":67,"column":0},"end":{"line":67,"column":21}}},"fnMap":{"0":{"name":"(anonymous_0)","decl":{"start":{"line":37,"column":31},"end":{"line":37,"column":32}},"loc":{"start":{"line":37,"column":51},"end":{"line":40,"column":1}},"line":37},"1":{"name":"(anonymous_1)","decl":{"start":{"line":57,"column":15},"end":{"line":57,"column":16}},"loc":{"start":{"line":57,"column":29},"end":{"line":59,"column":3}},"line":57},"2":{"name":"(anonymous_2)","decl":{"start":{"line":63,"column":29},"end":{"line":63,"column":30}},"loc":{"start":{"line":63,"column":35},"end":{"line":65,"column":1}},"line":63}},"branchMap":{"0":{"loc":{"start":{"line":54,"column":0},"end":{"line":60,"column":1}},"type":"if","locations":[{"start":{"line":54,"column":0},"end":{"line":60,"column":1}},{"start":{"line":54,"column":0},"end":{"line":60,"column":1}}],"line":54}},"s":{"0":1,"1":1,"2":1,"3":1,"4":1,"5":1,"6":1,"7":1,"8":1,"9":1,"10":1,"11":1,"12":1,"13":1,"14":1,"15":1,"16":1,"17":1,"18":1,"19":1,"20":1,"21":1,"22":0,"23":0,"24":1,"25":1,"26":1,"27":1,"28":1,"29":0,"30":0,"31":0,"32":1,"33":1,"34":1},"f":{"0":0,"1":0,"2":1},"b":{"0":[0,1]},"_coverageSchema":"1a1c01bbd47fc00a2c39e90264f33305004495a9","hash":"4e6567eb2f8ce4a25635336f1cf34d67757703e2"}
,"C:\\Users\\user\\Desktop\\atypikhouse\\config\\db.js": {"path":"C:\\Users\\user\\Desktop\\atypikhouse\\config\\db.js","statementMap":{"0":{"start":{"line":1,"column":17},"end":{"line":1,"column":36}},"1":{"start":{"line":11,"column":13},"end":{"line":35,"column":1}},"2":{"start":{"line":12,"column":4},"end":{"line":34,"column":5}},"3":{"start":{"line":13,"column":22},"end":{"line":13,"column":52}},"4":{"start":{"line":14,"column":22},"end":{"line":14,"column":45}},"5":{"start":{"line":16,"column":4},"end":{"line":25,"column":10}},"6":{"start":{"line":18,"column":8},"end":{"line":24,"column":78}},"7":{"start":{"line":23,"column":24},"end":{"line":23,"column":68}},"8":{"start":{"line":24,"column":28},"end":{"line":24,"column":76}},"9":{"start":{"line":27,"column":8},"end":{"line":33,"column":74}},"10":{"start":{"line":32,"column":20},"end":{"line":32,"column":63}},"11":{"start":{"line":33,"column":24},"end":{"line":33,"column":72}},"12":{"start":{"line":37,"column":14},"end":{"line":39,"column":1}},"13":{"start":{"line":38,"column":4},"end":{"line":38,"column":33}},"14":{"start":{"line":41,"column":0},"end":{"line":41,"column":33}}},"fnMap":{"0":{"name":"connexion","decl":{"start":{"line":11,"column":22},"end":{"line":11,"column":31}},"loc":{"start":{"line":11,"column":35},"end":{"line":35,"column":1}},"line":11},"1":{"name":"(anonymous_1)","decl":{"start":{"line":17,"column":14},"end":{"line":17,"column":15}},"loc":{"start":{"line":17,"column":20},"end":{"line":25,"column":9}},"line":17},"2":{"name":"(anonymous_2)","decl":{"start":{"line":23,"column":18},"end":{"line":23,"column":19}},"loc":{"start":{"line":23,"column":24},"end":{"line":23,"column":68}},"line":23},"3":{"name":"(anonymous_3)","decl":{"start":{"line":24,"column":19},"end":{"line":24,"column":20}},"loc":{"start":{"line":24,"column":28},"end":{"line":24,"column":76}},"line":24},"4":{"name":"(anonymous_4)","decl":{"start":{"line":32,"column":14},"end":{"line":32,"column":15}},"loc":{"start":{"line":32,"column":20},"end":{"line":32,"column":63}},"line":32},"5":{"name":"(anonymous_5)","decl":{"start":{"line":33,"column":15},"end":{"line":33,"column":16}},"loc":{"start":{"line":33,"column":24},"end":{"line":33,"column":72}},"line":33},"6":{"name":"disconnect","decl":{"start":{"line":37,"column":23},"end":{"line":37,"column":33}},"loc":{"start":{"line":37,"column":37},"end":{"line":39,"column":1}},"line":37}},"branchMap":{"0":{"loc":{"start":{"line":12,"column":4},"end":{"line":34,"column":5}},"type":"if","locations":[{"start":{"line":12,"column":4},"end":{"line":34,"column":5}},{"start":{"line":12,"column":4},"end":{"line":34,"column":5}}],"line":12}},"s":{"0":1,"1":1,"2":2,"3":2,"4":2,"5":2,"6":2,"7":2,"8":0,"9":0,"10":0,"11":0,"12":1,"13":1,"14":1},"f":{"0":2,"1":2,"2":2,"3":0,"4":0,"5":0,"6":1},"b":{"0":[2,0]},"_coverageSchema":"1a1c01bbd47fc00a2c39e90264f33305004495a9","hash":"694e46ba10865f4697edebd23a8e9d8b99aa0ccb"}
,"C:\\Users\\user\\Desktop\\atypikhouse\\controllers\\authentification_controller.js": {"path":"C:\\Users\\user\\Desktop\\atypikhouse\\controllers\\authentification_controller.js","statementMap":{"0":{"start":{"line":1,"column":18},"end":{"line":1,"column":49}},"1":{"start":{"line":2,"column":39},"end":{"line":2,"column":77}},"2":{"start":{"line":3,"column":12},"end":{"line":3,"column":35}},"3":{"start":{"line":6,"column":23},"end":{"line":6,"column":46}},"4":{"start":{"line":8,"column":23},"end":{"line":12,"column":1}},"5":{"start":{"line":9,"column":2},"end":{"line":11,"column":4}},"6":{"start":{"line":15,"column":0},"end":{"line":53,"column":1}},"7":{"start":{"line":16,"column":47},"end":{"line":16,"column":55}},"8":{"start":{"line":18,"column":2},"end":{"line":52,"column":3}},"9":{"start":{"line":19,"column":17},"end":{"line":19,"column":77}},"10":{"start":{"line":20,"column":4},"end":{"line":20,"column":44}},"11":{"start":{"line":22,"column":20},"end":{"line":28,"column":6}},"12":{"start":{"line":30,"column":24},"end":{"line":38,"column":5}},"13":{"start":{"line":40,"column":4},"end":{"line":46,"column":7}},"14":{"start":{"line":41,"column":6},"end":{"line":45,"column":7}},"15":{"start":{"line":42,"column":8},"end":{"line":42,"column":37}},"16":{"start":{"line":44,"column":8},"end":{"line":44,"column":35}},"17":{"start":{"line":50,"column":19},"end":{"line":50,"column":36}},"18":{"start":{"line":56,"column":0},"end":{"line":72,"column":1}},"19":{"start":{"line":57,"column":30},"end":{"line":57,"column":38}},"20":{"start":{"line":59,"column":4},"end":{"line":71,"column":5}},"21":{"start":{"line":60,"column":19},"end":{"line":60,"column":57}},"22":{"start":{"line":61,"column":6},"end":{"line":67,"column":7}},"23":{"start":{"line":64,"column":22},"end":{"line":64,"column":46}},"24":{"start":{"line":65,"column":8},"end":{"line":65,"column":68}},"25":{"start":{"line":66,"column":8},"end":{"line":66,"column":47}},"26":{"start":{"line":69,"column":21},"end":{"line":69,"column":38}},"27":{"start":{"line":70,"column":6},"end":{"line":70,"column":39}},"28":{"start":{"line":75,"column":0},"end":{"line":91,"column":1}},"29":{"start":{"line":76,"column":30},"end":{"line":76,"column":38}},"30":{"start":{"line":78,"column":4},"end":{"line":90,"column":5}},"31":{"start":{"line":79,"column":19},"end":{"line":79,"column":57}},"32":{"start":{"line":80,"column":6},"end":{"line":86,"column":7}},"33":{"start":{"line":81,"column":8},"end":{"line":81,"column":24}},"34":{"start":{"line":83,"column":22},"end":{"line":83,"column":46}},"35":{"start":{"line":84,"column":8},"end":{"line":84,"column":68}},"36":{"start":{"line":85,"column":8},"end":{"line":85,"column":47}},"37":{"start":{"line":88,"column":21},"end":{"line":88,"column":38}},"38":{"start":{"line":89,"column":6},"end":{"line":89,"column":39}},"39":{"start":{"line":94,"column":0},"end":{"line":110,"column":1}},"40":{"start":{"line":95,"column":30},"end":{"line":95,"column":38}},"41":{"start":{"line":97,"column":4},"end":{"line":109,"column":5}},"42":{"start":{"line":98,"column":19},"end":{"line":98,"column":57}},"43":{"start":{"line":99,"column":6},"end":{"line":105,"column":7}},"44":{"start":{"line":102,"column":22},"end":{"line":102,"column":46}},"45":{"start":{"line":103,"column":8},"end":{"line":103,"column":68}},"46":{"start":{"line":104,"column":8},"end":{"line":104,"column":47}},"47":{"start":{"line":107,"column":21},"end":{"line":107,"column":38}},"48":{"start":{"line":108,"column":6},"end":{"line":108,"column":39}},"49":{"start":{"line":113,"column":0},"end":{"line":116,"column":1}},"50":{"start":{"line":114,"column":2},"end":{"line":114,"column":47}},"51":{"start":{"line":115,"column":2},"end":{"line":115,"column":20}}},"fnMap":{"0":{"name":"(anonymous_0)","decl":{"start":{"line":8,"column":23},"end":{"line":8,"column":24}},"loc":{"start":{"line":8,"column":31},"end":{"line":12,"column":1}},"line":8},"1":{"name":"(anonymous_1)","decl":{"start":{"line":15,"column":24},"end":{"line":15,"column":25}},"loc":{"start":{"line":15,"column":44},"end":{"line":53,"column":1}},"line":15},"2":{"name":"(anonymous_2)","decl":{"start":{"line":40,"column":44},"end":{"line":40,"column":45}},"loc":{"start":{"line":40,"column":64},"end":{"line":46,"column":5}},"line":40},"3":{"name":"(anonymous_3)","decl":{"start":{"line":56,"column":24},"end":{"line":56,"column":25}},"loc":{"start":{"line":56,"column":44},"end":{"line":72,"column":1}},"line":56},"4":{"name":"(anonymous_4)","decl":{"start":{"line":75,"column":27},"end":{"line":75,"column":28}},"loc":{"start":{"line":75,"column":47},"end":{"line":91,"column":1}},"line":75},"5":{"name":"(anonymous_5)","decl":{"start":{"line":94,"column":29},"end":{"line":94,"column":30}},"loc":{"start":{"line":94,"column":49},"end":{"line":110,"column":1}},"line":94},"6":{"name":"(anonymous_6)","decl":{"start":{"line":113,"column":24},"end":{"line":113,"column":25}},"loc":{"start":{"line":113,"column":38},"end":{"line":116,"column":1}},"line":113}},"branchMap":{"0":{"loc":{"start":{"line":41,"column":6},"end":{"line":45,"column":7}},"type":"if","locations":[{"start":{"line":41,"column":6},"end":{"line":45,"column":7}},{"start":{"line":41,"column":6},"end":{"line":45,"column":7}}],"line":41},"1":{"loc":{"start":{"line":61,"column":6},"end":{"line":67,"column":7}},"type":"if","locations":[{"start":{"line":61,"column":6},"end":{"line":67,"column":7}},{"start":{"line":61,"column":6},"end":{"line":67,"column":7}}],"line":61},"2":{"loc":{"start":{"line":80,"column":6},"end":{"line":86,"column":7}},"type":"if","locations":[{"start":{"line":80,"column":6},"end":{"line":86,"column":7}},{"start":{"line":80,"column":6},"end":{"line":86,"column":7}}],"line":80},"3":{"loc":{"start":{"line":99,"column":6},"end":{"line":105,"column":7}},"type":"if","locations":[{"start":{"line":99,"column":6},"end":{"line":105,"column":7}},{"start":{"line":99,"column":6},"end":{"line":105,"column":7}}],"line":99}},"s":{"0":1,"1":1,"2":1,"3":1,"4":1,"5":0,"6":1,"7":0,"8":0,"9":0,"10":0,"11":0,"12":0,"13":0,"14":0,"15":0,"16":0,"17":0,"18":1,"19":0,"20":0,"21":0,"22":0,"23":0,"24":0,"25":0,"26":0,"27":0,"28":1,"29":0,"30":0,"31":0,"32":0,"33":0,"34":0,"35":0,"36":0,"37":0,"38":0,"39":1,"40":0,"41":0,"42":0,"43":0,"44":0,"45":0,"46":0,"47":0,"48":0,"49":1,"50":0,"51":0},"f":{"0":0,"1":0,"2":0,"3":0,"4":0,"5":0,"6":0},"b":{"0":[0,0],"1":[0,0],"2":[0,0],"3":[0,0]},"_coverageSchema":"1a1c01bbd47fc00a2c39e90264f33305004495a9","hash":"abfdee11036ba5b5654a8c670e880152fd5d82e4"}
,"C:\\Users\\user\\Desktop\\atypikhouse\\controllers\\img_pro_up_controller.js": {"path":"C:\\Users\\user\\Desktop\\atypikhouse\\controllers\\img_pro_up_controller.js","statementMap":{"0":{"start":{"line":1,"column":18},"end":{"line":1,"column":49}},"1":{"start":{"line":2,"column":11},"end":{"line":2,"column":24}},"2":{"start":{"line":3,"column":22},"end":{"line":3,"column":37}},"3":{"start":{"line":4,"column":17},"end":{"line":4,"column":54}},"4":{"start":{"line":5,"column":25},"end":{"line":5,"column":63}},"5":{"start":{"line":8,"column":0},"end":{"line":50,"column":2}},"6":{"start":{"line":9,"column":2},"end":{"line":49,"column":3}},"7":{"start":{"line":10,"column":4},"end":{"line":10,"column":31}},"8":{"start":{"line":11,"column":4},"end":{"line":23,"column":5}},"9":{"start":{"line":12,"column":6},"end":{"line":17,"column":36}},"10":{"start":{"line":17,"column":8},"end":{"line":17,"column":36}},"11":{"start":{"line":19,"column":6},"end":{"line":19,"column":58}},"12":{"start":{"line":19,"column":34},"end":{"line":19,"column":58}},"13":{"start":{"line":21,"column":21},"end":{"line":21,"column":38}},"14":{"start":{"line":22,"column":6},"end":{"line":22,"column":46}},"15":{"start":{"line":24,"column":21},"end":{"line":24,"column":43}},"16":{"start":{"line":26,"column":4},"end":{"line":31,"column":6}},"17":{"start":{"line":33,"column":4},"end":{"line":45,"column":5}},"18":{"start":{"line":34,"column":6},"end":{"line":42,"column":8}},"19":{"start":{"line":39,"column":10},"end":{"line":40,"column":61}},"20":{"start":{"line":39,"column":20},"end":{"line":39,"column":42}},"21":{"start":{"line":40,"column":15},"end":{"line":40,"column":61}},"22":{"start":{"line":44,"column":6},"end":{"line":44,"column":52}},"23":{"start":{"line":47,"column":4},"end":{"line":47,"column":52}},"24":{"start":{"line":48,"column":4},"end":{"line":48,"column":30}}},"fnMap":{"0":{"name":"(anonymous_0)","decl":{"start":{"line":8,"column":30},"end":{"line":8,"column":31}},"loc":{"start":{"line":8,"column":50},"end":{"line":50,"column":1}},"line":8},"1":{"name":"(anonymous_1)","decl":{"start":{"line":38,"column":8},"end":{"line":38,"column":9}},"loc":{"start":{"line":38,"column":23},"end":{"line":41,"column":9}},"line":38}},"branchMap":{"0":{"loc":{"start":{"line":9,"column":2},"end":{"line":49,"column":3}},"type":"if","locations":[{"start":{"line":9,"column":2},"end":{"line":49,"column":3}},{"start":{"line":9,"column":2},"end":{"line":49,"column":3}}],"line":9},"1":{"loc":{"start":{"line":9,"column":5},"end":{"line":9,"column":105}},"type":"binary-expr","locations":[{"start":{"line":9,"column":5},"end":{"line":9,"column":39}},{"start":{"line":9,"column":43},"end":{"line":9,"column":69}},{"start":{"line":9,"column":73},"end":{"line":9,"column":105}}],"line":9},"2":{"loc":{"start":{"line":12,"column":6},"end":{"line":17,"column":36}},"type":"if","locations":[{"start":{"line":12,"column":6},"end":{"line":17,"column":36}},{"start":{"line":12,"column":6},"end":{"line":17,"column":36}}],"line":12},"3":{"loc":{"start":{"line":13,"column":8},"end":{"line":15,"column":49}},"type":"binary-expr","locations":[{"start":{"line":13,"column":8},"end":{"line":13,"column":48}},{"start":{"line":14,"column":8},"end":{"line":14,"column":48}},{"start":{"line":15,"column":8},"end":{"line":15,"column":49}}],"line":13},"4":{"loc":{"start":{"line":19,"column":6},"end":{"line":19,"column":58}},"type":"if","locations":[{"start":{"line":19,"column":6},"end":{"line":19,"column":58}},{"start":{"line":19,"column":6},"end":{"line":19,"column":58}}],"line":19},"5":{"loc":{"start":{"line":39,"column":10},"end":{"line":40,"column":61}},"type":"if","locations":[{"start":{"line":39,"column":10},"end":{"line":40,"column":61}},{"start":{"line":39,"column":10},"end":{"line":40,"column":61}}],"line":39}},"s":{"0":1,"1":1,"2":1,"3":1,"4":1,"5":1,"6":0,"7":0,"8":0,"9":0,"10":0,"11":0,"12":0,"13":0,"14":0,"15":0,"16":0,"17":0,"18":0,"19":0,"20":0,"21":0,"22":0,"23":0,"24":0},"f":{"0":0,"1":0},"b":{"0":[0,0],"1":[0,0,0],"2":[0,0],"3":[0,0,0],"4":[0,0],"5":[0,0]},"_coverageSchema":"1a1c01bbd47fc00a2c39e90264f33305004495a9","hash":"801dda8962a078540963666c77c410e8f485c6a9"}
,"C:\\Users\\user\\Desktop\\atypikhouse\\controllers\\img_section_controller.js": {"path":"C:\\Users\\user\\Desktop\\atypikhouse\\controllers\\img_section_controller.js","statementMap":{"0":{"start":{"line":1,"column":21},"end":{"line":1,"column":55}},"1":{"start":{"line":2,"column":11},"end":{"line":2,"column":24}},"2":{"start":{"line":3,"column":22},"end":{"line":3,"column":37}},"3":{"start":{"line":4,"column":17},"end":{"line":4,"column":54}},"4":{"start":{"line":5,"column":25},"end":{"line":5,"column":63}},"5":{"start":{"line":8,"column":0},"end":{"line":51,"column":2}},"6":{"start":{"line":10,"column":2},"end":{"line":50,"column":3}},"7":{"start":{"line":12,"column":4},"end":{"line":24,"column":5}},"8":{"start":{"line":13,"column":6},"end":{"line":18,"column":36}},"9":{"start":{"line":18,"column":8},"end":{"line":18,"column":36}},"10":{"start":{"line":20,"column":6},"end":{"line":20,"column":59}},"11":{"start":{"line":20,"column":35},"end":{"line":20,"column":59}},"12":{"start":{"line":22,"column":21},"end":{"line":22,"column":38}},"13":{"start":{"line":23,"column":6},"end":{"line":23,"column":46}},"14":{"start":{"line":25,"column":21},"end":{"line":25,"column":48}},"15":{"start":{"line":27,"column":4},"end":{"line":32,"column":6}},"16":{"start":{"line":34,"column":4},"end":{"line":46,"column":5}},"17":{"start":{"line":35,"column":6},"end":{"line":43,"column":8}},"18":{"start":{"line":40,"column":10},"end":{"line":41,"column":61}},"19":{"start":{"line":40,"column":20},"end":{"line":40,"column":42}},"20":{"start":{"line":41,"column":15},"end":{"line":41,"column":61}},"21":{"start":{"line":45,"column":6},"end":{"line":45,"column":52}},"22":{"start":{"line":48,"column":4},"end":{"line":48,"column":52}},"23":{"start":{"line":49,"column":4},"end":{"line":49,"column":30}}},"fnMap":{"0":{"name":"(anonymous_0)","decl":{"start":{"line":8,"column":31},"end":{"line":8,"column":32}},"loc":{"start":{"line":8,"column":51},"end":{"line":51,"column":1}},"line":8},"1":{"name":"(anonymous_1)","decl":{"start":{"line":39,"column":8},"end":{"line":39,"column":9}},"loc":{"start":{"line":39,"column":23},"end":{"line":42,"column":9}},"line":39}},"branchMap":{"0":{"loc":{"start":{"line":10,"column":2},"end":{"line":50,"column":3}},"type":"if","locations":[{"start":{"line":10,"column":2},"end":{"line":50,"column":3}},{"start":{"line":10,"column":2},"end":{"line":50,"column":3}}],"line":10},"1":{"loc":{"start":{"line":13,"column":6},"end":{"line":18,"column":36}},"type":"if","locations":[{"start":{"line":13,"column":6},"end":{"line":18,"column":36}},{"start":{"line":13,"column":6},"end":{"line":18,"column":36}}],"line":13},"2":{"loc":{"start":{"line":14,"column":8},"end":{"line":16,"column":49}},"type":"binary-expr","locations":[{"start":{"line":14,"column":8},"end":{"line":14,"column":48}},{"start":{"line":15,"column":8},"end":{"line":15,"column":48}},{"start":{"line":16,"column":8},"end":{"line":16,"column":49}}],"line":14},"3":{"loc":{"start":{"line":20,"column":6},"end":{"line":20,"column":59}},"type":"if","locations":[{"start":{"line":20,"column":6},"end":{"line":20,"column":59}},{"start":{"line":20,"column":6},"end":{"line":20,"column":59}}],"line":20},"4":{"loc":{"start":{"line":40,"column":10},"end":{"line":41,"column":61}},"type":"if","locations":[{"start":{"line":40,"column":10},"end":{"line":41,"column":61}},{"start":{"line":40,"column":10},"end":{"line":41,"column":61}}],"line":40}},"s":{"0":1,"1":1,"2":1,"3":1,"4":1,"5":1,"6":0,"7":0,"8":0,"9":0,"10":0,"11":0,"12":0,"13":0,"14":0,"15":0,"16":0,"17":0,"18":0,"19":0,"20":0,"21":0,"22":0,"23":0},"f":{"0":0,"1":0},"b":{"0":[0,0],"1":[0,0],"2":[0,0,0],"3":[0,0],"4":[0,0]},"_coverageSchema":"1a1c01bbd47fc00a2c39e90264f33305004495a9","hash":"071df64dbedc2e45fac7b8a3dcbc791f8ce3129f"}
,"C:\\Users\\user\\Desktop\\atypikhouse\\controllers\\param_controller.js": {"path":"C:\\Users\\user\\Desktop\\atypikhouse\\controllers\\param_controller.js","statementMap":{"0":{"start":{"line":1,"column":19},"end":{"line":1,"column":51}},"1":{"start":{"line":2,"column":18},"end":{"line":2,"column":52}},"2":{"start":{"line":3,"column":25},"end":{"line":3,"column":63}},"3":{"start":{"line":4,"column":11},"end":{"line":4,"column":24}},"4":{"start":{"line":5,"column":22},"end":{"line":5,"column":37}},"5":{"start":{"line":6,"column":17},"end":{"line":6,"column":54}},"6":{"start":{"line":7,"column":18},"end":{"line":7,"column":49}},"7":{"start":{"line":8,"column":12},"end":{"line":8,"column":35}},"8":{"start":{"line":11,"column":0},"end":{"line":59,"column":1}},"9":{"start":{"line":14,"column":4},"end":{"line":58,"column":5}},"10":{"start":{"line":17,"column":8},"end":{"line":39,"column":9}},"11":{"start":{"line":18,"column":12},"end":{"line":30,"column":13}},"12":{"start":{"line":19,"column":16},"end":{"line":24,"column":44}},"13":{"start":{"line":24,"column":16},"end":{"line":24,"column":44}},"14":{"start":{"line":26,"column":16},"end":{"line":26,"column":69}},"15":{"start":{"line":26,"column":45},"end":{"line":26,"column":69}},"16":{"start":{"line":28,"column":31},"end":{"line":28,"column":48}},"17":{"start":{"line":29,"column":16},"end":{"line":29,"column":56}},"18":{"start":{"line":31,"column":12},"end":{"line":31,"column":62}},"19":{"start":{"line":33,"column":12},"end":{"line":38,"column":14}},"20":{"start":{"line":41,"column":25},"end":{"line":47,"column":10}},"21":{"start":{"line":48,"column":8},"end":{"line":53,"column":9}},"22":{"start":{"line":49,"column":26},"end":{"line":49,"column":47}},"23":{"start":{"line":50,"column":12},"end":{"line":50,"column":47}},"24":{"start":{"line":52,"column":12},"end":{"line":52,"column":45}},"25":{"start":{"line":55,"column":8},"end":{"line":55,"column":56}},"26":{"start":{"line":56,"column":8},"end":{"line":56,"column":34}},"27":{"start":{"line":61,"column":0},"end":{"line":66,"column":2}},"28":{"start":{"line":62,"column":4},"end":{"line":65,"column":29}},"29":{"start":{"line":63,"column":8},"end":{"line":64,"column":55}},"30":{"start":{"line":63,"column":18},"end":{"line":63,"column":33}},"31":{"start":{"line":64,"column":13},"end":{"line":64,"column":55}},"32":{"start":{"line":68,"column":0},"end":{"line":94,"column":2}},"33":{"start":{"line":70,"column":4},"end":{"line":92,"column":5}},"34":{"start":{"line":71,"column":29},"end":{"line":77,"column":9}},"35":{"start":{"line":79,"column":8},"end":{"line":87,"column":11}},"36":{"start":{"line":84,"column":16},"end":{"line":85,"column":58}},"37":{"start":{"line":84,"column":26},"end":{"line":84,"column":41}},"38":{"start":{"line":85,"column":21},"end":{"line":85,"column":58}},"39":{"start":{"line":89,"column":8},"end":{"line":89,"column":56}},"40":{"start":{"line":90,"column":8},"end":{"line":90,"column":34}},"41":{"start":{"line":96,"column":0},"end":{"line":109,"column":1}},"42":{"start":{"line":98,"column":4},"end":{"line":108,"column":5}},"43":{"start":{"line":100,"column":8},"end":{"line":103,"column":11}},"44":{"start":{"line":101,"column":12},"end":{"line":102,"column":54}},"45":{"start":{"line":101,"column":22},"end":{"line":101,"column":37}},"46":{"start":{"line":102,"column":17},"end":{"line":102,"column":54}},"47":{"start":{"line":105,"column":8},"end":{"line":105,"column":56}},"48":{"start":{"line":106,"column":8},"end":{"line":106,"column":34}}},"fnMap":{"0":{"name":"(anonymous_0)","decl":{"start":{"line":11,"column":29},"end":{"line":11,"column":30}},"loc":{"start":{"line":11,"column":49},"end":{"line":59,"column":1}},"line":11},"1":{"name":"(anonymous_1)","decl":{"start":{"line":61,"column":28},"end":{"line":61,"column":29}},"loc":{"start":{"line":61,"column":48},"end":{"line":66,"column":1}},"line":61},"2":{"name":"(anonymous_2)","decl":{"start":{"line":62,"column":20},"end":{"line":62,"column":21}},"loc":{"start":{"line":62,"column":35},"end":{"line":65,"column":5}},"line":62},"3":{"name":"(anonymous_3)","decl":{"start":{"line":68,"column":29},"end":{"line":68,"column":30}},"loc":{"start":{"line":68,"column":49},"end":{"line":94,"column":1}},"line":68},"4":{"name":"(anonymous_4)","decl":{"start":{"line":83,"column":12},"end":{"line":83,"column":13}},"loc":{"start":{"line":83,"column":27},"end":{"line":86,"column":13}},"line":83},"5":{"name":"(anonymous_5)","decl":{"start":{"line":96,"column":29},"end":{"line":96,"column":30}},"loc":{"start":{"line":96,"column":43},"end":{"line":109,"column":1}},"line":96},"6":{"name":"(anonymous_6)","decl":{"start":{"line":100,"column":52},"end":{"line":100,"column":53}},"loc":{"start":{"line":100,"column":67},"end":{"line":103,"column":9}},"line":100}},"branchMap":{"0":{"loc":{"start":{"line":14,"column":4},"end":{"line":58,"column":5}},"type":"if","locations":[{"start":{"line":14,"column":4},"end":{"line":58,"column":5}},{"start":{"line":14,"column":4},"end":{"line":58,"column":5}}],"line":14},"1":{"loc":{"start":{"line":17,"column":8},"end":{"line":39,"column":9}},"type":"if","locations":[{"start":{"line":17,"column":8},"end":{"line":39,"column":9}},{"start":{"line":17,"column":8},"end":{"line":39,"column":9}}],"line":17},"2":{"loc":{"start":{"line":19,"column":16},"end":{"line":24,"column":44}},"type":"if","locations":[{"start":{"line":19,"column":16},"end":{"line":24,"column":44}},{"start":{"line":19,"column":16},"end":{"line":24,"column":44}}],"line":19},"3":{"loc":{"start":{"line":20,"column":20},"end":{"line":22,"column":61}},"type":"binary-expr","locations":[{"start":{"line":20,"column":20},"end":{"line":20,"column":60}},{"start":{"line":21,"column":20},"end":{"line":21,"column":60}},{"start":{"line":22,"column":20},"end":{"line":22,"column":61}}],"line":20},"4":{"loc":{"start":{"line":26,"column":16},"end":{"line":26,"column":69}},"type":"if","locations":[{"start":{"line":26,"column":16},"end":{"line":26,"column":69}},{"start":{"line":26,"column":16},"end":{"line":26,"column":69}}],"line":26},"5":{"loc":{"start":{"line":46,"column":22},"end":{"line":46,"column":77}},"type":"cond-expr","locations":[{"start":{"line":46,"column":42},"end":{"line":46,"column":72}},{"start":{"line":46,"column":75},"end":{"line":46,"column":77}}],"line":46},"6":{"loc":{"start":{"line":63,"column":8},"end":{"line":64,"column":55}},"type":"if","locations":[{"start":{"line":63,"column":8},"end":{"line":64,"column":55}},{"start":{"line":63,"column":8},"end":{"line":64,"column":55}}],"line":63},"7":{"loc":{"start":{"line":70,"column":4},"end":{"line":92,"column":5}},"type":"if","locations":[{"start":{"line":70,"column":4},"end":{"line":92,"column":5}},{"start":{"line":70,"column":4},"end":{"line":92,"column":5}}],"line":70},"8":{"loc":{"start":{"line":84,"column":16},"end":{"line":85,"column":58}},"type":"if","locations":[{"start":{"line":84,"column":16},"end":{"line":85,"column":58}},{"start":{"line":84,"column":16},"end":{"line":85,"column":58}}],"line":84},"9":{"loc":{"start":{"line":98,"column":4},"end":{"line":108,"column":5}},"type":"if","locations":[{"start":{"line":98,"column":4},"end":{"line":108,"column":5}},{"start":{"line":98,"column":4},"end":{"line":108,"column":5}}],"line":98},"10":{"loc":{"start":{"line":101,"column":12},"end":{"line":102,"column":54}},"type":"if","locations":[{"start":{"line":101,"column":12},"end":{"line":102,"column":54}},{"start":{"line":101,"column":12},"end":{"line":102,"column":54}}],"line":101}},"s":{"0":1,"1":1,"2":1,"3":1,"4":1,"5":1,"6":1,"7":1,"8":1,"9":0,"10":0,"11":0,"12":0,"13":0,"14":0,"15":0,"16":0,"17":0,"18":0,"19":0,"20":0,"21":0,"22":0,"23":0,"24":0,"25":0,"26":0,"27":1,"28":0,"29":0,"30":0,"31":0,"32":1,"33":0,"34":0,"35":0,"36":0,"37":0,"38":0,"39":0,"40":0,"41":1,"42":0,"43":0,"44":0,"45":0,"46":0,"47":0,"48":0},"f":{"0":0,"1":0,"2":0,"3":0,"4":0,"5":0,"6":0},"b":{"0":[0,0],"1":[0,0],"2":[0,0],"3":[0,0,0],"4":[0,0],"5":[0,0],"6":[0,0],"7":[0,0],"8":[0,0],"9":[0,0],"10":[0,0]},"_coverageSchema":"1a1c01bbd47fc00a2c39e90264f33305004495a9","hash":"118a10b59afc6fc54e8595cdb68a3e97676fa4e5"}
,"C:\\Users\\user\\Desktop\\atypikhouse\\controllers\\posts_controller.js": {"path":"C:\\Users\\user\\Desktop\\atypikhouse\\controllers\\posts_controller.js","statementMap":{"0":{"start":{"line":1,"column":18},"end":{"line":1,"column":49}},"1":{"start":{"line":2,"column":18},"end":{"line":2,"column":49}},"2":{"start":{"line":3,"column":18},"end":{"line":3,"column":49}},"3":{"start":{"line":4,"column":25},"end":{"line":4,"column":63}},"4":{"start":{"line":5,"column":17},"end":{"line":5,"column":51}},"5":{"start":{"line":6,"column":11},"end":{"line":6,"column":24}},"6":{"start":{"line":7,"column":22},"end":{"line":7,"column":37}},"7":{"start":{"line":8,"column":17},"end":{"line":8,"column":54}},"8":{"start":{"line":9,"column":19},"end":{"line":9,"column":40}},"9":{"start":{"line":10,"column":0},"end":{"line":10,"column":50}},"10":{"start":{"line":13,"column":0},"end":{"line":41,"column":1}},"11":{"start":{"line":14,"column":44},"end":{"line":14,"column":52}},"12":{"start":{"line":16,"column":18},"end":{"line":22,"column":4}},"13":{"start":{"line":24,"column":22},"end":{"line":31,"column":3}},"14":{"start":{"line":33,"column":2},"end":{"line":39,"column":5}},"15":{"start":{"line":34,"column":4},"end":{"line":38,"column":5}},"16":{"start":{"line":35,"column":6},"end":{"line":35,"column":35}},"17":{"start":{"line":37,"column":6},"end":{"line":37,"column":33}},"18":{"start":{"line":44,"column":0},"end":{"line":75,"column":1}},"19":{"start":{"line":45,"column":39},"end":{"line":45,"column":47}},"20":{"start":{"line":47,"column":18},"end":{"line":53,"column":4}},"21":{"start":{"line":55,"column":22},"end":{"line":65,"column":3}},"22":{"start":{"line":67,"column":2},"end":{"line":73,"column":5}},"23":{"start":{"line":68,"column":4},"end":{"line":72,"column":5}},"24":{"start":{"line":69,"column":6},"end":{"line":69,"column":35}},"25":{"start":{"line":71,"column":6},"end":{"line":71,"column":33}},"26":{"start":{"line":78,"column":0},"end":{"line":83,"column":2}},"27":{"start":{"line":79,"column":2},"end":{"line":82,"column":29}},"28":{"start":{"line":80,"column":4},"end":{"line":81,"column":51}},"29":{"start":{"line":80,"column":14},"end":{"line":80,"column":41}},"30":{"start":{"line":81,"column":9},"end":{"line":81,"column":51}},"31":{"start":{"line":86,"column":0},"end":{"line":102,"column":2}},"32":{"start":{"line":88,"column":13},"end":{"line":88,"column":27}},"33":{"start":{"line":89,"column":16},"end":{"line":89,"column":28}},"34":{"start":{"line":91,"column":2},"end":{"line":93,"column":3}},"35":{"start":{"line":96,"column":2},"end":{"line":101,"column":6}},"36":{"start":{"line":99,"column":6},"end":{"line":99,"column":46}},"37":{"start":{"line":99,"column":14},"end":{"line":99,"column":46}},"38":{"start":{"line":100,"column":6},"end":{"line":100,"column":39}},"39":{"start":{"line":107,"column":0},"end":{"line":169,"column":2}},"40":{"start":{"line":111,"column":2},"end":{"line":167,"column":3}},"41":{"start":{"line":113,"column":4},"end":{"line":135,"column":5}},"42":{"start":{"line":114,"column":6},"end":{"line":126,"column":7}},"43":{"start":{"line":115,"column":8},"end":{"line":120,"column":38}},"44":{"start":{"line":120,"column":10},"end":{"line":120,"column":38}},"45":{"start":{"line":122,"column":8},"end":{"line":122,"column":60}},"46":{"start":{"line":122,"column":36},"end":{"line":122,"column":60}},"47":{"start":{"line":124,"column":23},"end":{"line":124,"column":40}},"48":{"start":{"line":125,"column":8},"end":{"line":125,"column":48}},"49":{"start":{"line":127,"column":6},"end":{"line":127,"column":57}},"50":{"start":{"line":129,"column":6},"end":{"line":134,"column":8}},"51":{"start":{"line":137,"column":20},"end":{"line":156,"column":6}},"52":{"start":{"line":158,"column":4},"end":{"line":163,"column":5}},"53":{"start":{"line":159,"column":19},"end":{"line":159,"column":39}},"54":{"start":{"line":160,"column":6},"end":{"line":160,"column":40}},"55":{"start":{"line":162,"column":6},"end":{"line":162,"column":39}},"56":{"start":{"line":165,"column":4},"end":{"line":165,"column":52}},"57":{"start":{"line":166,"column":4},"end":{"line":166,"column":30}},"58":{"start":{"line":175,"column":0},"end":{"line":199,"column":2}},"59":{"start":{"line":176,"column":2},"end":{"line":198,"column":3}},"60":{"start":{"line":177,"column":4},"end":{"line":178,"column":67}},"61":{"start":{"line":178,"column":6},"end":{"line":178,"column":67}},"62":{"start":{"line":180,"column":26},"end":{"line":184,"column":5}},"63":{"start":{"line":186,"column":4},"end":{"line":194,"column":6}},"64":{"start":{"line":191,"column":8},"end":{"line":192,"column":50}},"65":{"start":{"line":191,"column":18},"end":{"line":191,"column":33}},"66":{"start":{"line":192,"column":13},"end":{"line":192,"column":50}},"67":{"start":{"line":196,"column":4},"end":{"line":196,"column":52}},"68":{"start":{"line":197,"column":4},"end":{"line":197,"column":30}},"69":{"start":{"line":204,"column":0},"end":{"line":218,"column":2}},"70":{"start":{"line":205,"column":2},"end":{"line":216,"column":3}},"71":{"start":{"line":206,"column":4},"end":{"line":207,"column":67}},"72":{"start":{"line":207,"column":6},"end":{"line":207,"column":67}},"73":{"start":{"line":209,"column":4},"end":{"line":212,"column":7}},"74":{"start":{"line":210,"column":6},"end":{"line":211,"column":48}},"75":{"start":{"line":210,"column":16},"end":{"line":210,"column":31}},"76":{"start":{"line":211,"column":11},"end":{"line":211,"column":48}},"77":{"start":{"line":214,"column":4},"end":{"line":214,"column":52}},"78":{"start":{"line":215,"column":4},"end":{"line":215,"column":30}},"79":{"start":{"line":222,"column":0},"end":{"line":248,"column":2}},"80":{"start":{"line":223,"column":2},"end":{"line":224,"column":65}},"81":{"start":{"line":224,"column":4},"end":{"line":224,"column":65}},"82":{"start":{"line":226,"column":2},"end":{"line":247,"column":3}},"83":{"start":{"line":227,"column":4},"end":{"line":244,"column":6}},"84":{"start":{"line":241,"column":8},"end":{"line":242,"column":46}},"85":{"start":{"line":241,"column":18},"end":{"line":241,"column":52}},"86":{"start":{"line":242,"column":13},"end":{"line":242,"column":46}},"87":{"start":{"line":246,"column":4},"end":{"line":246,"column":37}},"88":{"start":{"line":251,"column":0},"end":{"line":281,"column":2}},"89":{"start":{"line":252,"column":2},"end":{"line":253,"column":65}},"90":{"start":{"line":253,"column":4},"end":{"line":253,"column":65}},"91":{"start":{"line":255,"column":2},"end":{"line":280,"column":3}},"92":{"start":{"line":256,"column":4},"end":{"line":279,"column":5}},"93":{"start":{"line":257,"column":6},"end":{"line":276,"column":8}},"94":{"start":{"line":273,"column":10},"end":{"line":274,"column":48}},"95":{"start":{"line":273,"column":20},"end":{"line":273,"column":54}},"96":{"start":{"line":274,"column":15},"end":{"line":274,"column":48}},"97":{"start":{"line":278,"column":6},"end":{"line":278,"column":39}},"98":{"start":{"line":284,"column":0},"end":{"line":306,"column":2}},"99":{"start":{"line":285,"column":2},"end":{"line":286,"column":65}},"100":{"start":{"line":286,"column":4},"end":{"line":286,"column":65}},"101":{"start":{"line":288,"column":2},"end":{"line":305,"column":3}},"102":{"start":{"line":289,"column":4},"end":{"line":302,"column":7}},"103":{"start":{"line":290,"column":29},"end":{"line":292,"column":7}},"104":{"start":{"line":291,"column":6},"end":{"line":291,"column":52}},"105":{"start":{"line":294,"column":6},"end":{"line":294,"column":80}},"106":{"start":{"line":294,"column":27},"end":{"line":294,"column":80}},"107":{"start":{"line":295,"column":6},"end":{"line":295,"column":50}},"108":{"start":{"line":297,"column":6},"end":{"line":300,"column":9}},"109":{"start":{"line":298,"column":8},"end":{"line":298,"column":52}},"110":{"start":{"line":298,"column":18},"end":{"line":298,"column":52}},"111":{"start":{"line":299,"column":8},"end":{"line":299,"column":41}},"112":{"start":{"line":304,"column":4},"end":{"line":304,"column":37}},"113":{"start":{"line":309,"column":0},"end":{"line":332,"column":2}},"114":{"start":{"line":310,"column":2},"end":{"line":311,"column":65}},"115":{"start":{"line":311,"column":4},"end":{"line":311,"column":65}},"116":{"start":{"line":313,"column":2},"end":{"line":331,"column":3}},"117":{"start":{"line":314,"column":4},"end":{"line":328,"column":6}},"118":{"start":{"line":325,"column":8},"end":{"line":326,"column":46}},"119":{"start":{"line":325,"column":18},"end":{"line":325,"column":40}},"120":{"start":{"line":326,"column":13},"end":{"line":326,"column":46}},"121":{"start":{"line":330,"column":4},"end":{"line":330,"column":37}},"122":{"start":{"line":335,"column":0},"end":{"line":381,"column":2}},"123":{"start":{"line":339,"column":2},"end":{"line":361,"column":3}},"124":{"start":{"line":340,"column":4},"end":{"line":352,"column":5}},"125":{"start":{"line":341,"column":6},"end":{"line":346,"column":36}},"126":{"start":{"line":346,"column":8},"end":{"line":346,"column":36}},"127":{"start":{"line":348,"column":6},"end":{"line":348,"column":58}},"128":{"start":{"line":348,"column":34},"end":{"line":348,"column":58}},"129":{"start":{"line":350,"column":21},"end":{"line":350,"column":38}},"130":{"start":{"line":351,"column":6},"end":{"line":351,"column":46}},"131":{"start":{"line":353,"column":4},"end":{"line":353,"column":52}},"132":{"start":{"line":355,"column":4},"end":{"line":360,"column":6}},"133":{"start":{"line":364,"column":2},"end":{"line":380,"column":3}},"134":{"start":{"line":365,"column":4},"end":{"line":377,"column":6}},"135":{"start":{"line":374,"column":8},"end":{"line":375,"column":46}},"136":{"start":{"line":374,"column":18},"end":{"line":374,"column":40}},"137":{"start":{"line":375,"column":13},"end":{"line":375,"column":46}},"138":{"start":{"line":379,"column":4},"end":{"line":379,"column":37}},"139":{"start":{"line":384,"column":0},"end":{"line":439,"column":2}},"140":{"start":{"line":385,"column":2},"end":{"line":387,"column":3}},"141":{"start":{"line":386,"column":4},"end":{"line":386,"column":65}},"142":{"start":{"line":391,"column":2},"end":{"line":413,"column":3}},"143":{"start":{"line":392,"column":4},"end":{"line":404,"column":5}},"144":{"start":{"line":393,"column":6},"end":{"line":398,"column":36}},"145":{"start":{"line":398,"column":8},"end":{"line":398,"column":36}},"146":{"start":{"line":400,"column":6},"end":{"line":400,"column":58}},"147":{"start":{"line":400,"column":34},"end":{"line":400,"column":58}},"148":{"start":{"line":402,"column":21},"end":{"line":402,"column":38}},"149":{"start":{"line":403,"column":6},"end":{"line":403,"column":46}},"150":{"start":{"line":405,"column":4},"end":{"line":405,"column":54}},"151":{"start":{"line":407,"column":4},"end":{"line":412,"column":6}},"152":{"start":{"line":416,"column":2},"end":{"line":438,"column":3}},"153":{"start":{"line":417,"column":4},"end":{"line":435,"column":6}},"154":{"start":{"line":432,"column":8},"end":{"line":433,"column":46}},"155":{"start":{"line":432,"column":18},"end":{"line":432,"column":40}},"156":{"start":{"line":433,"column":13},"end":{"line":433,"column":46}},"157":{"start":{"line":437,"column":4},"end":{"line":437,"column":37}},"158":{"start":{"line":443,"column":0},"end":{"line":498,"column":2}},"159":{"start":{"line":444,"column":2},"end":{"line":446,"column":3}},"160":{"start":{"line":445,"column":4},"end":{"line":445,"column":65}},"161":{"start":{"line":450,"column":2},"end":{"line":472,"column":3}},"162":{"start":{"line":451,"column":4},"end":{"line":463,"column":5}},"163":{"start":{"line":452,"column":6},"end":{"line":457,"column":36}},"164":{"start":{"line":457,"column":8},"end":{"line":457,"column":36}},"165":{"start":{"line":459,"column":6},"end":{"line":459,"column":58}},"166":{"start":{"line":459,"column":34},"end":{"line":459,"column":58}},"167":{"start":{"line":461,"column":21},"end":{"line":461,"column":38}},"168":{"start":{"line":462,"column":6},"end":{"line":462,"column":46}},"169":{"start":{"line":464,"column":4},"end":{"line":464,"column":52}},"170":{"start":{"line":466,"column":4},"end":{"line":471,"column":6}},"171":{"start":{"line":475,"column":2},"end":{"line":497,"column":3}},"172":{"start":{"line":476,"column":4},"end":{"line":494,"column":6}},"173":{"start":{"line":491,"column":8},"end":{"line":492,"column":46}},"174":{"start":{"line":491,"column":18},"end":{"line":491,"column":40}},"175":{"start":{"line":492,"column":13},"end":{"line":492,"column":46}},"176":{"start":{"line":496,"column":4},"end":{"line":496,"column":37}},"177":{"start":{"line":502,"column":0},"end":{"line":525,"column":2}},"178":{"start":{"line":503,"column":2},"end":{"line":504,"column":65}},"179":{"start":{"line":504,"column":4},"end":{"line":504,"column":65}},"180":{"start":{"line":506,"column":2},"end":{"line":524,"column":3}},"181":{"start":{"line":507,"column":4},"end":{"line":521,"column":6}},"182":{"start":{"line":518,"column":8},"end":{"line":519,"column":46}},"183":{"start":{"line":518,"column":18},"end":{"line":518,"column":40}},"184":{"start":{"line":519,"column":13},"end":{"line":519,"column":46}},"185":{"start":{"line":523,"column":4},"end":{"line":523,"column":37}},"186":{"start":{"line":528,"column":0},"end":{"line":549,"column":2}},"187":{"start":{"line":529,"column":2},"end":{"line":530,"column":65}},"188":{"start":{"line":530,"column":4},"end":{"line":530,"column":65}},"189":{"start":{"line":532,"column":2},"end":{"line":548,"column":3}},"190":{"start":{"line":533,"column":4},"end":{"line":545,"column":7}},"191":{"start":{"line":534,"column":25},"end":{"line":536,"column":7}},"192":{"start":{"line":535,"column":8},"end":{"line":535,"column":46}},"193":{"start":{"line":538,"column":6},"end":{"line":538,"column":72}},"194":{"start":{"line":538,"column":23},"end":{"line":538,"column":72}},"195":{"start":{"line":539,"column":6},"end":{"line":539,"column":38}},"196":{"start":{"line":541,"column":6},"end":{"line":544,"column":9}},"197":{"start":{"line":542,"column":8},"end":{"line":542,"column":52}},"198":{"start":{"line":542,"column":18},"end":{"line":542,"column":52}},"199":{"start":{"line":543,"column":8},"end":{"line":543,"column":41}},"200":{"start":{"line":547,"column":4},"end":{"line":547,"column":37}},"201":{"start":{"line":552,"column":0},"end":{"line":575,"column":2}},"202":{"start":{"line":553,"column":2},"end":{"line":554,"column":65}},"203":{"start":{"line":554,"column":4},"end":{"line":554,"column":65}},"204":{"start":{"line":556,"column":2},"end":{"line":574,"column":3}},"205":{"start":{"line":557,"column":4},"end":{"line":571,"column":6}},"206":{"start":{"line":568,"column":8},"end":{"line":569,"column":46}},"207":{"start":{"line":568,"column":18},"end":{"line":568,"column":40}},"208":{"start":{"line":569,"column":13},"end":{"line":569,"column":46}},"209":{"start":{"line":573,"column":4},"end":{"line":573,"column":37}},"210":{"start":{"line":578,"column":0},"end":{"line":607,"column":2}},"211":{"start":{"line":579,"column":2},"end":{"line":580,"column":65}},"212":{"start":{"line":580,"column":4},"end":{"line":580,"column":65}},"213":{"start":{"line":582,"column":2},"end":{"line":606,"column":3}},"214":{"start":{"line":583,"column":4},"end":{"line":592,"column":6}},"215":{"start":{"line":590,"column":8},"end":{"line":590,"column":50}},"216":{"start":{"line":590,"column":17},"end":{"line":590,"column":50}},"217":{"start":{"line":593,"column":4},"end":{"line":603,"column":6}},"218":{"start":{"line":600,"column":8},"end":{"line":601,"column":46}},"219":{"start":{"line":600,"column":18},"end":{"line":600,"column":33}},"220":{"start":{"line":601,"column":13},"end":{"line":601,"column":46}},"221":{"start":{"line":605,"column":4},"end":{"line":605,"column":37}},"222":{"start":{"line":610,"column":0},"end":{"line":639,"column":2}},"223":{"start":{"line":611,"column":2},"end":{"line":612,"column":65}},"224":{"start":{"line":612,"column":4},"end":{"line":612,"column":65}},"225":{"start":{"line":614,"column":2},"end":{"line":638,"column":3}},"226":{"start":{"line":615,"column":4},"end":{"line":624,"column":6}},"227":{"start":{"line":622,"column":8},"end":{"line":622,"column":50}},"228":{"start":{"line":622,"column":17},"end":{"line":622,"column":50}},"229":{"start":{"line":625,"column":4},"end":{"line":635,"column":6}},"230":{"start":{"line":632,"column":8},"end":{"line":633,"column":46}},"231":{"start":{"line":632,"column":18},"end":{"line":632,"column":33}},"232":{"start":{"line":633,"column":13},"end":{"line":633,"column":46}},"233":{"start":{"line":637,"column":4},"end":{"line":637,"column":37}}},"fnMap":{"0":{"name":"(anonymous_0)","decl":{"start":{"line":13,"column":28},"end":{"line":13,"column":29}},"loc":{"start":{"line":13,"column":48},"end":{"line":41,"column":1}},"line":13},"1":{"name":"(anonymous_1)","decl":{"start":{"line":33,"column":42},"end":{"line":33,"column":43}},"loc":{"start":{"line":33,"column":62},"end":{"line":39,"column":3}},"line":33},"2":{"name":"(anonymous_2)","decl":{"start":{"line":44,"column":34},"end":{"line":44,"column":35}},"loc":{"start":{"line":44,"column":54},"end":{"line":75,"column":1}},"line":44},"3":{"name":"(anonymous_3)","decl":{"start":{"line":67,"column":42},"end":{"line":67,"column":43}},"loc":{"start":{"line":67,"column":62},"end":{"line":73,"column":3}},"line":67},"4":{"name":"(anonymous_4)","decl":{"start":{"line":78,"column":26},"end":{"line":78,"column":27}},"loc":{"start":{"line":78,"column":40},"end":{"line":83,"column":1}},"line":78},"5":{"name":"(anonymous_5)","decl":{"start":{"line":79,"column":17},"end":{"line":79,"column":18}},"loc":{"start":{"line":79,"column":32},"end":{"line":82,"column":3}},"line":79},"6":{"name":"(anonymous_6)","decl":{"start":{"line":86,"column":29},"end":{"line":86,"column":30}},"loc":{"start":{"line":86,"column":43},"end":{"line":102,"column":1}},"line":86},"7":{"name":"(anonymous_7)","decl":{"start":{"line":98,"column":10},"end":{"line":98,"column":11}},"loc":{"start":{"line":98,"column":25},"end":{"line":101,"column":5}},"line":98},"8":{"name":"(anonymous_8)","decl":{"start":{"line":107,"column":28},"end":{"line":107,"column":29}},"loc":{"start":{"line":107,"column":48},"end":{"line":169,"column":1}},"line":107},"9":{"name":"(anonymous_9)","decl":{"start":{"line":175,"column":28},"end":{"line":175,"column":29}},"loc":{"start":{"line":175,"column":42},"end":{"line":199,"column":1}},"line":175},"10":{"name":"(anonymous_10)","decl":{"start":{"line":190,"column":6},"end":{"line":190,"column":7}},"loc":{"start":{"line":190,"column":21},"end":{"line":193,"column":7}},"line":190},"11":{"name":"(anonymous_11)","decl":{"start":{"line":204,"column":28},"end":{"line":204,"column":29}},"loc":{"start":{"line":204,"column":42},"end":{"line":218,"column":1}},"line":204},"12":{"name":"(anonymous_12)","decl":{"start":{"line":209,"column":47},"end":{"line":209,"column":48}},"loc":{"start":{"line":209,"column":62},"end":{"line":212,"column":5}},"line":209},"13":{"name":"(anonymous_13)","decl":{"start":{"line":222,"column":29},"end":{"line":222,"column":30}},"loc":{"start":{"line":222,"column":43},"end":{"line":248,"column":1}},"line":222},"14":{"name":"(anonymous_14)","decl":{"start":{"line":240,"column":6},"end":{"line":240,"column":7}},"loc":{"start":{"line":240,"column":21},"end":{"line":243,"column":7}},"line":240},"15":{"name":"(anonymous_15)","decl":{"start":{"line":251,"column":33},"end":{"line":251,"column":34}},"loc":{"start":{"line":251,"column":47},"end":{"line":281,"column":1}},"line":251},"16":{"name":"(anonymous_16)","decl":{"start":{"line":272,"column":8},"end":{"line":272,"column":9}},"loc":{"start":{"line":272,"column":23},"end":{"line":275,"column":9}},"line":272},"17":{"name":"(anonymous_17)","decl":{"start":{"line":284,"column":33},"end":{"line":284,"column":34}},"loc":{"start":{"line":284,"column":47},"end":{"line":306,"column":1}},"line":284},"18":{"name":"(anonymous_18)","decl":{"start":{"line":289,"column":45},"end":{"line":289,"column":46}},"loc":{"start":{"line":289,"column":60},"end":{"line":302,"column":5}},"line":289},"19":{"name":"(anonymous_19)","decl":{"start":{"line":290,"column":52},"end":{"line":290,"column":53}},"loc":{"start":{"line":291,"column":6},"end":{"line":291,"column":52}},"line":291},"20":{"name":"(anonymous_20)","decl":{"start":{"line":297,"column":23},"end":{"line":297,"column":24}},"loc":{"start":{"line":297,"column":32},"end":{"line":300,"column":7}},"line":297},"21":{"name":"(anonymous_21)","decl":{"start":{"line":309,"column":35},"end":{"line":309,"column":36}},"loc":{"start":{"line":309,"column":49},"end":{"line":332,"column":1}},"line":309},"22":{"name":"(anonymous_22)","decl":{"start":{"line":324,"column":6},"end":{"line":324,"column":7}},"loc":{"start":{"line":324,"column":21},"end":{"line":327,"column":7}},"line":324},"23":{"name":"(anonymous_23)","decl":{"start":{"line":335,"column":28},"end":{"line":335,"column":29}},"loc":{"start":{"line":335,"column":42},"end":{"line":381,"column":1}},"line":335},"24":{"name":"(anonymous_24)","decl":{"start":{"line":373,"column":6},"end":{"line":373,"column":7}},"loc":{"start":{"line":373,"column":21},"end":{"line":376,"column":7}},"line":373},"25":{"name":"(anonymous_25)","decl":{"start":{"line":384,"column":27},"end":{"line":384,"column":28}},"loc":{"start":{"line":384,"column":41},"end":{"line":439,"column":1}},"line":384},"26":{"name":"(anonymous_26)","decl":{"start":{"line":431,"column":6},"end":{"line":431,"column":7}},"loc":{"start":{"line":431,"column":21},"end":{"line":434,"column":7}},"line":431},"27":{"name":"(anonymous_27)","decl":{"start":{"line":443,"column":25},"end":{"line":443,"column":26}},"loc":{"start":{"line":443,"column":39},"end":{"line":498,"column":1}},"line":443},"28":{"name":"(anonymous_28)","decl":{"start":{"line":490,"column":6},"end":{"line":490,"column":7}},"loc":{"start":{"line":490,"column":21},"end":{"line":493,"column":7}},"line":490},"29":{"name":"(anonymous_29)","decl":{"start":{"line":502,"column":31},"end":{"line":502,"column":32}},"loc":{"start":{"line":502,"column":45},"end":{"line":525,"column":1}},"line":502},"30":{"name":"(anonymous_30)","decl":{"start":{"line":517,"column":6},"end":{"line":517,"column":7}},"loc":{"start":{"line":517,"column":21},"end":{"line":520,"column":7}},"line":517},"31":{"name":"(anonymous_31)","decl":{"start":{"line":528,"column":33},"end":{"line":528,"column":34}},"loc":{"start":{"line":528,"column":47},"end":{"line":549,"column":1}},"line":528},"32":{"name":"(anonymous_32)","decl":{"start":{"line":533,"column":45},"end":{"line":533,"column":46}},"loc":{"start":{"line":533,"column":60},"end":{"line":545,"column":5}},"line":533},"33":{"name":"(anonymous_33)","decl":{"start":{"line":534,"column":44},"end":{"line":534,"column":45}},"loc":{"start":{"line":535,"column":8},"end":{"line":535,"column":46}},"line":535},"34":{"name":"(anonymous_34)","decl":{"start":{"line":541,"column":23},"end":{"line":541,"column":24}},"loc":{"start":{"line":541,"column":32},"end":{"line":544,"column":7}},"line":541},"35":{"name":"(anonymous_35)","decl":{"start":{"line":552,"column":35},"end":{"line":552,"column":36}},"loc":{"start":{"line":552,"column":49},"end":{"line":575,"column":1}},"line":552},"36":{"name":"(anonymous_36)","decl":{"start":{"line":567,"column":6},"end":{"line":567,"column":7}},"loc":{"start":{"line":567,"column":21},"end":{"line":570,"column":7}},"line":567},"37":{"name":"(anonymous_37)","decl":{"start":{"line":578,"column":26},"end":{"line":578,"column":27}},"loc":{"start":{"line":578,"column":46},"end":{"line":607,"column":1}},"line":578},"38":{"name":"(anonymous_38)","decl":{"start":{"line":589,"column":6},"end":{"line":589,"column":7}},"loc":{"start":{"line":589,"column":21},"end":{"line":591,"column":7}},"line":589},"39":{"name":"(anonymous_39)","decl":{"start":{"line":599,"column":6},"end":{"line":599,"column":7}},"loc":{"start":{"line":599,"column":21},"end":{"line":602,"column":7}},"line":599},"40":{"name":"(anonymous_40)","decl":{"start":{"line":610,"column":28},"end":{"line":610,"column":29}},"loc":{"start":{"line":610,"column":48},"end":{"line":639,"column":1}},"line":610},"41":{"name":"(anonymous_41)","decl":{"start":{"line":621,"column":6},"end":{"line":621,"column":7}},"loc":{"start":{"line":621,"column":21},"end":{"line":623,"column":7}},"line":621},"42":{"name":"(anonymous_42)","decl":{"start":{"line":631,"column":6},"end":{"line":631,"column":7}},"loc":{"start":{"line":631,"column":21},"end":{"line":634,"column":7}},"line":631}},"branchMap":{"0":{"loc":{"start":{"line":34,"column":4},"end":{"line":38,"column":5}},"type":"if","locations":[{"start":{"line":34,"column":4},"end":{"line":38,"column":5}},{"start":{"line":34,"column":4},"end":{"line":38,"column":5}}],"line":34},"1":{"loc":{"start":{"line":68,"column":4},"end":{"line":72,"column":5}},"type":"if","locations":[{"start":{"line":68,"column":4},"end":{"line":72,"column":5}},{"start":{"line":68,"column":4},"end":{"line":72,"column":5}}],"line":68},"2":{"loc":{"start":{"line":80,"column":4},"end":{"line":81,"column":51}},"type":"if","locations":[{"start":{"line":80,"column":4},"end":{"line":81,"column":51}},{"start":{"line":80,"column":4},"end":{"line":81,"column":51}}],"line":80},"3":{"loc":{"start":{"line":91,"column":2},"end":{"line":93,"column":3}},"type":"if","locations":[{"start":{"line":91,"column":2},"end":{"line":93,"column":3}},{"start":{"line":91,"column":2},"end":{"line":93,"column":3}}],"line":91},"4":{"loc":{"start":{"line":99,"column":6},"end":{"line":99,"column":46}},"type":"if","locations":[{"start":{"line":99,"column":6},"end":{"line":99,"column":46}},{"start":{"line":99,"column":6},"end":{"line":99,"column":46}}],"line":99},"5":{"loc":{"start":{"line":111,"column":2},"end":{"line":167,"column":3}},"type":"if","locations":[{"start":{"line":111,"column":2},"end":{"line":167,"column":3}},{"start":{"line":111,"column":2},"end":{"line":167,"column":3}}],"line":111},"6":{"loc":{"start":{"line":111,"column":5},"end":{"line":111,"column":75}},"type":"binary-expr","locations":[{"start":{"line":111,"column":6},"end":{"line":111,"column":37}},{"start":{"line":111,"column":42},"end":{"line":111,"column":75}}],"line":111},"7":{"loc":{"start":{"line":113,"column":4},"end":{"line":135,"column":5}},"type":"if","locations":[{"start":{"line":113,"column":4},"end":{"line":135,"column":5}},{"start":{"line":113,"column":4},"end":{"line":135,"column":5}}],"line":113},"8":{"loc":{"start":{"line":115,"column":8},"end":{"line":120,"column":38}},"type":"if","locations":[{"start":{"line":115,"column":8},"end":{"line":120,"column":38}},{"start":{"line":115,"column":8},"end":{"line":120,"column":38}}],"line":115},"9":{"loc":{"start":{"line":116,"column":10},"end":{"line":118,"column":51}},"type":"binary-expr","locations":[{"start":{"line":116,"column":10},"end":{"line":116,"column":50}},{"start":{"line":117,"column":10},"end":{"line":117,"column":50}},{"start":{"line":118,"column":10},"end":{"line":118,"column":51}}],"line":116},"10":{"loc":{"start":{"line":122,"column":8},"end":{"line":122,"column":60}},"type":"if","locations":[{"start":{"line":122,"column":8},"end":{"line":122,"column":60}},{"start":{"line":122,"column":8},"end":{"line":122,"column":60}}],"line":122},"11":{"loc":{"start":{"line":150,"column":15},"end":{"line":150,"column":69}},"type":"cond-expr","locations":[{"start":{"line":150,"column":35},"end":{"line":150,"column":64}},{"start":{"line":150,"column":67},"end":{"line":150,"column":69}}],"line":150},"12":{"loc":{"start":{"line":176,"column":2},"end":{"line":198,"column":3}},"type":"if","locations":[{"start":{"line":176,"column":2},"end":{"line":198,"column":3}},{"start":{"line":176,"column":2},"end":{"line":198,"column":3}}],"line":176},"13":{"loc":{"start":{"line":176,"column":5},"end":{"line":176,"column":111}},"type":"binary-expr","locations":[{"start":{"line":176,"column":6},"end":{"line":176,"column":38}},{"start":{"line":176,"column":44},"end":{"line":176,"column":78}},{"start":{"line":176,"column":84},"end":{"line":176,"column":110}}],"line":176},"14":{"loc":{"start":{"line":177,"column":4},"end":{"line":178,"column":67}},"type":"if","locations":[{"start":{"line":177,"column":4},"end":{"line":178,"column":67}},{"start":{"line":177,"column":4},"end":{"line":178,"column":67}}],"line":177},"15":{"loc":{"start":{"line":191,"column":8},"end":{"line":192,"column":50}},"type":"if","locations":[{"start":{"line":191,"column":8},"end":{"line":192,"column":50}},{"start":{"line":191,"column":8},"end":{"line":192,"column":50}}],"line":191},"16":{"loc":{"start":{"line":205,"column":2},"end":{"line":216,"column":3}},"type":"if","locations":[{"start":{"line":205,"column":2},"end":{"line":216,"column":3}},{"start":{"line":205,"column":2},"end":{"line":216,"column":3}}],"line":205},"17":{"loc":{"start":{"line":205,"column":5},"end":{"line":205,"column":75}},"type":"binary-expr","locations":[{"start":{"line":205,"column":5},"end":{"line":205,"column":37}},{"start":{"line":205,"column":41},"end":{"line":205,"column":75}}],"line":205},"18":{"loc":{"start":{"line":206,"column":4},"end":{"line":207,"column":67}},"type":"if","locations":[{"start":{"line":206,"column":4},"end":{"line":207,"column":67}},{"start":{"line":206,"column":4},"end":{"line":207,"column":67}}],"line":206},"19":{"loc":{"start":{"line":210,"column":6},"end":{"line":211,"column":48}},"type":"if","locations":[{"start":{"line":210,"column":6},"end":{"line":211,"column":48}},{"start":{"line":210,"column":6},"end":{"line":211,"column":48}}],"line":210},"20":{"loc":{"start":{"line":223,"column":2},"end":{"line":224,"column":65}},"type":"if","locations":[{"start":{"line":223,"column":2},"end":{"line":224,"column":65}},{"start":{"line":223,"column":2},"end":{"line":224,"column":65}}],"line":223},"21":{"loc":{"start":{"line":241,"column":8},"end":{"line":242,"column":46}},"type":"if","locations":[{"start":{"line":241,"column":8},"end":{"line":242,"column":46}},{"start":{"line":241,"column":8},"end":{"line":242,"column":46}}],"line":241},"22":{"loc":{"start":{"line":252,"column":2},"end":{"line":253,"column":65}},"type":"if","locations":[{"start":{"line":252,"column":2},"end":{"line":253,"column":65}},{"start":{"line":252,"column":2},"end":{"line":253,"column":65}}],"line":252},"23":{"loc":{"start":{"line":255,"column":2},"end":{"line":280,"column":3}},"type":"if","locations":[{"start":{"line":255,"column":2},"end":{"line":280,"column":3}},{"start":{"line":255,"column":2},"end":{"line":280,"column":3}}],"line":255},"24":{"loc":{"start":{"line":273,"column":10},"end":{"line":274,"column":48}},"type":"if","locations":[{"start":{"line":273,"column":10},"end":{"line":274,"column":48}},{"start":{"line":273,"column":10},"end":{"line":274,"column":48}}],"line":273},"25":{"loc":{"start":{"line":285,"column":2},"end":{"line":286,"column":65}},"type":"if","locations":[{"start":{"line":285,"column":2},"end":{"line":286,"column":65}},{"start":{"line":285,"column":2},"end":{"line":286,"column":65}}],"line":285},"26":{"loc":{"start":{"line":294,"column":6},"end":{"line":294,"column":80}},"type":"if","locations":[{"start":{"line":294,"column":6},"end":{"line":294,"column":80}},{"start":{"line":294,"column":6},"end":{"line":294,"column":80}}],"line":294},"27":{"loc":{"start":{"line":298,"column":8},"end":{"line":298,"column":52}},"type":"if","locations":[{"start":{"line":298,"column":8},"end":{"line":298,"column":52}},{"start":{"line":298,"column":8},"end":{"line":298,"column":52}}],"line":298},"28":{"loc":{"start":{"line":310,"column":2},"end":{"line":311,"column":65}},"type":"if","locations":[{"start":{"line":310,"column":2},"end":{"line":311,"column":65}},{"start":{"line":310,"column":2},"end":{"line":311,"column":65}}],"line":310},"29":{"loc":{"start":{"line":325,"column":8},"end":{"line":326,"column":46}},"type":"if","locations":[{"start":{"line":325,"column":8},"end":{"line":326,"column":46}},{"start":{"line":325,"column":8},"end":{"line":326,"column":46}}],"line":325},"30":{"loc":{"start":{"line":339,"column":2},"end":{"line":361,"column":3}},"type":"if","locations":[{"start":{"line":339,"column":2},"end":{"line":361,"column":3}},{"start":{"line":339,"column":2},"end":{"line":361,"column":3}}],"line":339},"31":{"loc":{"start":{"line":341,"column":6},"end":{"line":346,"column":36}},"type":"if","locations":[{"start":{"line":341,"column":6},"end":{"line":346,"column":36}},{"start":{"line":341,"column":6},"end":{"line":346,"column":36}}],"line":341},"32":{"loc":{"start":{"line":342,"column":8},"end":{"line":344,"column":49}},"type":"binary-expr","locations":[{"start":{"line":342,"column":8},"end":{"line":342,"column":48}},{"start":{"line":343,"column":8},"end":{"line":343,"column":48}},{"start":{"line":344,"column":8},"end":{"line":344,"column":49}}],"line":342},"33":{"loc":{"start":{"line":348,"column":6},"end":{"line":348,"column":58}},"type":"if","locations":[{"start":{"line":348,"column":6},"end":{"line":348,"column":58}},{"start":{"line":348,"column":6},"end":{"line":348,"column":58}}],"line":348},"34":{"loc":{"start":{"line":369,"column":22},"end":{"line":369,"column":77}},"type":"cond-expr","locations":[{"start":{"line":369,"column":42},"end":{"line":369,"column":72}},{"start":{"line":369,"column":75},"end":{"line":369,"column":77}}],"line":369},"35":{"loc":{"start":{"line":374,"column":8},"end":{"line":375,"column":46}},"type":"if","locations":[{"start":{"line":374,"column":8},"end":{"line":375,"column":46}},{"start":{"line":374,"column":8},"end":{"line":375,"column":46}}],"line":374},"36":{"loc":{"start":{"line":385,"column":2},"end":{"line":387,"column":3}},"type":"if","locations":[{"start":{"line":385,"column":2},"end":{"line":387,"column":3}},{"start":{"line":385,"column":2},"end":{"line":387,"column":3}}],"line":385},"37":{"loc":{"start":{"line":391,"column":2},"end":{"line":413,"column":3}},"type":"if","locations":[{"start":{"line":391,"column":2},"end":{"line":413,"column":3}},{"start":{"line":391,"column":2},"end":{"line":413,"column":3}}],"line":391},"38":{"loc":{"start":{"line":393,"column":6},"end":{"line":398,"column":36}},"type":"if","locations":[{"start":{"line":393,"column":6},"end":{"line":398,"column":36}},{"start":{"line":393,"column":6},"end":{"line":398,"column":36}}],"line":393},"39":{"loc":{"start":{"line":394,"column":8},"end":{"line":396,"column":49}},"type":"binary-expr","locations":[{"start":{"line":394,"column":8},"end":{"line":394,"column":48}},{"start":{"line":395,"column":8},"end":{"line":395,"column":48}},{"start":{"line":396,"column":8},"end":{"line":396,"column":49}}],"line":394},"40":{"loc":{"start":{"line":400,"column":6},"end":{"line":400,"column":58}},"type":"if","locations":[{"start":{"line":400,"column":6},"end":{"line":400,"column":58}},{"start":{"line":400,"column":6},"end":{"line":400,"column":58}}],"line":400},"41":{"loc":{"start":{"line":424,"column":27},"end":{"line":424,"column":81}},"type":"cond-expr","locations":[{"start":{"line":424,"column":47},"end":{"line":424,"column":76}},{"start":{"line":424,"column":79},"end":{"line":424,"column":81}}],"line":424},"42":{"loc":{"start":{"line":432,"column":8},"end":{"line":433,"column":46}},"type":"if","locations":[{"start":{"line":432,"column":8},"end":{"line":433,"column":46}},{"start":{"line":432,"column":8},"end":{"line":433,"column":46}}],"line":432},"43":{"loc":{"start":{"line":444,"column":2},"end":{"line":446,"column":3}},"type":"if","locations":[{"start":{"line":444,"column":2},"end":{"line":446,"column":3}},{"start":{"line":444,"column":2},"end":{"line":446,"column":3}}],"line":444},"44":{"loc":{"start":{"line":450,"column":2},"end":{"line":472,"column":3}},"type":"if","locations":[{"start":{"line":450,"column":2},"end":{"line":472,"column":3}},{"start":{"line":450,"column":2},"end":{"line":472,"column":3}}],"line":450},"45":{"loc":{"start":{"line":452,"column":6},"end":{"line":457,"column":36}},"type":"if","locations":[{"start":{"line":452,"column":6},"end":{"line":457,"column":36}},{"start":{"line":452,"column":6},"end":{"line":457,"column":36}}],"line":452},"46":{"loc":{"start":{"line":453,"column":8},"end":{"line":455,"column":49}},"type":"binary-expr","locations":[{"start":{"line":453,"column":8},"end":{"line":453,"column":48}},{"start":{"line":454,"column":8},"end":{"line":454,"column":48}},{"start":{"line":455,"column":8},"end":{"line":455,"column":49}}],"line":453},"47":{"loc":{"start":{"line":459,"column":6},"end":{"line":459,"column":58}},"type":"if","locations":[{"start":{"line":459,"column":6},"end":{"line":459,"column":58}},{"start":{"line":459,"column":6},"end":{"line":459,"column":58}}],"line":459},"48":{"loc":{"start":{"line":483,"column":25},"end":{"line":483,"column":83}},"type":"cond-expr","locations":[{"start":{"line":483,"column":45},"end":{"line":483,"column":78}},{"start":{"line":483,"column":81},"end":{"line":483,"column":83}}],"line":483},"49":{"loc":{"start":{"line":491,"column":8},"end":{"line":492,"column":46}},"type":"if","locations":[{"start":{"line":491,"column":8},"end":{"line":492,"column":46}},{"start":{"line":491,"column":8},"end":{"line":492,"column":46}}],"line":491},"50":{"loc":{"start":{"line":503,"column":2},"end":{"line":504,"column":65}},"type":"if","locations":[{"start":{"line":503,"column":2},"end":{"line":504,"column":65}},{"start":{"line":503,"column":2},"end":{"line":504,"column":65}}],"line":503},"51":{"loc":{"start":{"line":518,"column":8},"end":{"line":519,"column":46}},"type":"if","locations":[{"start":{"line":518,"column":8},"end":{"line":519,"column":46}},{"start":{"line":518,"column":8},"end":{"line":519,"column":46}}],"line":518},"52":{"loc":{"start":{"line":529,"column":2},"end":{"line":530,"column":65}},"type":"if","locations":[{"start":{"line":529,"column":2},"end":{"line":530,"column":65}},{"start":{"line":529,"column":2},"end":{"line":530,"column":65}}],"line":529},"53":{"loc":{"start":{"line":538,"column":6},"end":{"line":538,"column":72}},"type":"if","locations":[{"start":{"line":538,"column":6},"end":{"line":538,"column":72}},{"start":{"line":538,"column":6},"end":{"line":538,"column":72}}],"line":538},"54":{"loc":{"start":{"line":542,"column":8},"end":{"line":542,"column":52}},"type":"if","locations":[{"start":{"line":542,"column":8},"end":{"line":542,"column":52}},{"start":{"line":542,"column":8},"end":{"line":542,"column":52}}],"line":542},"55":{"loc":{"start":{"line":553,"column":2},"end":{"line":554,"column":65}},"type":"if","locations":[{"start":{"line":553,"column":2},"end":{"line":554,"column":65}},{"start":{"line":553,"column":2},"end":{"line":554,"column":65}}],"line":553},"56":{"loc":{"start":{"line":568,"column":8},"end":{"line":569,"column":46}},"type":"if","locations":[{"start":{"line":568,"column":8},"end":{"line":569,"column":46}},{"start":{"line":568,"column":8},"end":{"line":569,"column":46}}],"line":568},"57":{"loc":{"start":{"line":579,"column":2},"end":{"line":580,"column":65}},"type":"if","locations":[{"start":{"line":579,"column":2},"end":{"line":580,"column":65}},{"start":{"line":579,"column":2},"end":{"line":580,"column":65}}],"line":579},"58":{"loc":{"start":{"line":590,"column":8},"end":{"line":590,"column":50}},"type":"if","locations":[{"start":{"line":590,"column":8},"end":{"line":590,"column":50}},{"start":{"line":590,"column":8},"end":{"line":590,"column":50}}],"line":590},"59":{"loc":{"start":{"line":600,"column":8},"end":{"line":601,"column":46}},"type":"if","locations":[{"start":{"line":600,"column":8},"end":{"line":601,"column":46}},{"start":{"line":600,"column":8},"end":{"line":601,"column":46}}],"line":600},"60":{"loc":{"start":{"line":611,"column":2},"end":{"line":612,"column":65}},"type":"if","locations":[{"start":{"line":611,"column":2},"end":{"line":612,"column":65}},{"start":{"line":611,"column":2},"end":{"line":612,"column":65}}],"line":611},"61":{"loc":{"start":{"line":622,"column":8},"end":{"line":622,"column":50}},"type":"if","locations":[{"start":{"line":622,"column":8},"end":{"line":622,"column":50}},{"start":{"line":622,"column":8},"end":{"line":622,"column":50}}],"line":622},"62":{"loc":{"start":{"line":632,"column":8},"end":{"line":633,"column":46}},"type":"if","locations":[{"start":{"line":632,"column":8},"end":{"line":633,"column":46}},{"start":{"line":632,"column":8},"end":{"line":633,"column":46}}],"line":632}},"s":{"0":1,"1":1,"2":1,"3":1,"4":1,"5":1,"6":1,"7":1,"8":1,"9":1,"10":1,"11":0,"12":0,"13":0,"14":0,"15":0,"16":0,"17":0,"18":1,"19":0,"20":0,"21":0,"22":0,"23":0,"24":0,"25":0,"26":1,"27":1,"28":1,"29":1,"30":0,"31":1,"32":0,"33":0,"34":0,"35":0,"36":0,"37":0,"38":0,"39":1,"40":1,"41":1,"42":0,"43":0,"44":0,"45":0,"46":0,"47":0,"48":0,"49":0,"50":0,"51":1,"52":1,"53":1,"54":1,"55":0,"56":0,"57":0,"58":1,"59":0,"60":0,"61":0,"62":0,"63":0,"64":0,"65":0,"66":0,"67":0,"68":0,"69":1,"70":1,"71":1,"72":0,"73":1,"74":1,"75":1,"76":0,"77":0,"78":0,"79":1,"80":1,"81":0,"82":1,"83":1,"84":1,"85":1,"86":0,"87":0,"88":1,"89":1,"90":0,"91":1,"92":1,"93":1,"94":1,"95":1,"96":0,"97":0,"98":1,"99":0,"100":0,"101":0,"102":0,"103":0,"104":0,"105":0,"106":0,"107":0,"108":0,"109":0,"110":0,"111":0,"112":0,"113":1,"114":0,"115":0,"116":0,"117":0,"118":0,"119":0,"120":0,"121":0,"122":1,"123":0,"124":0,"125":0,"126":0,"127":0,"128":0,"129":0,"130":0,"131":0,"132":0,"133":0,"134":0,"135":0,"136":0,"137":0,"138":0,"139":1,"140":0,"141":0,"142":0,"143":0,"144":0,"145":0,"146":0,"147":0,"148":0,"149":0,"150":0,"151":0,"152":0,"153":0,"154":0,"155":0,"156":0,"157":0,"158":1,"159":0,"160":0,"161":0,"162":0,"163":0,"164":0,"165":0,"166":0,"167":0,"168":0,"169":0,"170":0,"171":0,"172":0,"173":0,"174":0,"175":0,"176":0,"177":1,"178":0,"179":0,"180":0,"181":0,"182":0,"183":0,"184":0,"185":0,"186":1,"187":0,"188":0,"189":0,"190":0,"191":0,"192":0,"193":0,"194":0,"195":0,"196":0,"197":0,"198":0,"199":0,"200":0,"201":1,"202":0,"203":0,"204":0,"205":0,"206":0,"207":0,"208":0,"209":0,"210":1,"211":0,"212":0,"213":0,"214":0,"215":0,"216":0,"217":0,"218":0,"219":0,"220":0,"221":0,"222":1,"223":0,"224":0,"225":0,"226":0,"227":0,"228":0,"229":0,"230":0,"231":0,"232":0,"233":0},"f":{"0":0,"1":0,"2":0,"3":0,"4":1,"5":1,"6":0,"7":0,"8":1,"9":0,"10":0,"11":1,"12":1,"13":1,"14":1,"15":1,"16":1,"17":0,"18":0,"19":0,"20":0,"21":0,"22":0,"23":0,"24":0,"25":0,"26":0,"27":0,"28":0,"29":0,"30":0,"31":0,"32":0,"33":0,"34":0,"35":0,"36":0,"37":0,"38":0,"39":0,"40":0,"41":0,"42":0},"b":{"0":[0,0],"1":[0,0],"2":[1,0],"3":[0,0],"4":[0,0],"5":[1,0],"6":[1,0],"7":[0,1],"8":[0,0],"9":[0,0,0],"10":[0,0],"11":[1,0],"12":[0,0],"13":[0,0,0],"14":[0,0],"15":[0,0],"16":[1,0],"17":[1,1],"18":[0,1],"19":[1,0],"20":[0,1],"21":[1,0],"22":[0,1],"23":[1,0],"24":[1,0],"25":[0,0],"26":[0,0],"27":[0,0],"28":[0,0],"29":[0,0],"30":[0,0],"31":[0,0],"32":[0,0,0],"33":[0,0],"34":[0,0],"35":[0,0],"36":[0,0],"37":[0,0],"38":[0,0],"39":[0,0,0],"40":[0,0],"41":[0,0],"42":[0,0],"43":[0,0],"44":[0,0],"45":[0,0],"46":[0,0,0],"47":[0,0],"48":[0,0],"49":[0,0],"50":[0,0],"51":[0,0],"52":[0,0],"53":[0,0],"54":[0,0],"55":[0,0],"56":[0,0],"57":[0,0],"58":[0,0],"59":[0,0],"60":[0,0],"61":[0,0],"62":[0,0]},"_coverageSchema":"1a1c01bbd47fc00a2c39e90264f33305004495a9","hash":"7600cdfe6036706383e6bfd2d0cd8b8cdd5e6f0d"}
,"C:\\Users\\user\\Desktop\\atypikhouse\\controllers\\section_controller.js": {"path":"C:\\Users\\user\\Desktop\\atypikhouse\\controllers\\section_controller.js","statementMap":{"0":{"start":{"line":1,"column":21},"end":{"line":1,"column":55}},"1":{"start":{"line":2,"column":25},"end":{"line":2,"column":63}},"2":{"start":{"line":3,"column":11},"end":{"line":3,"column":24}},"3":{"start":{"line":4,"column":22},"end":{"line":4,"column":37}},"4":{"start":{"line":5,"column":17},"end":{"line":5,"column":54}},"5":{"start":{"line":8,"column":0},"end":{"line":57,"column":1}},"6":{"start":{"line":10,"column":4},"end":{"line":56,"column":5}},"7":{"start":{"line":11,"column":8},"end":{"line":11,"column":35}},"8":{"start":{"line":14,"column":8},"end":{"line":36,"column":9}},"9":{"start":{"line":15,"column":12},"end":{"line":27,"column":13}},"10":{"start":{"line":16,"column":16},"end":{"line":21,"column":44}},"11":{"start":{"line":21,"column":16},"end":{"line":21,"column":44}},"12":{"start":{"line":23,"column":16},"end":{"line":23,"column":69}},"13":{"start":{"line":23,"column":45},"end":{"line":23,"column":69}},"14":{"start":{"line":25,"column":31},"end":{"line":25,"column":48}},"15":{"start":{"line":26,"column":16},"end":{"line":26,"column":56}},"16":{"start":{"line":28,"column":12},"end":{"line":28,"column":64}},"17":{"start":{"line":30,"column":12},"end":{"line":35,"column":14}},"18":{"start":{"line":38,"column":27},"end":{"line":45,"column":10}},"19":{"start":{"line":46,"column":8},"end":{"line":51,"column":9}},"20":{"start":{"line":47,"column":28},"end":{"line":47,"column":51}},"21":{"start":{"line":48,"column":12},"end":{"line":48,"column":47}},"22":{"start":{"line":50,"column":12},"end":{"line":50,"column":45}},"23":{"start":{"line":53,"column":8},"end":{"line":53,"column":56}},"24":{"start":{"line":54,"column":8},"end":{"line":54,"column":34}},"25":{"start":{"line":59,"column":0},"end":{"line":64,"column":2}},"26":{"start":{"line":60,"column":4},"end":{"line":63,"column":29}},"27":{"start":{"line":61,"column":8},"end":{"line":62,"column":55}},"28":{"start":{"line":61,"column":18},"end":{"line":61,"column":33}},"29":{"start":{"line":62,"column":13},"end":{"line":62,"column":55}},"30":{"start":{"line":66,"column":0},"end":{"line":90,"column":2}},"31":{"start":{"line":68,"column":4},"end":{"line":88,"column":5}},"32":{"start":{"line":70,"column":29},"end":{"line":73,"column":9}},"33":{"start":{"line":75,"column":8},"end":{"line":83,"column":10}},"34":{"start":{"line":80,"column":16},"end":{"line":81,"column":58}},"35":{"start":{"line":80,"column":26},"end":{"line":80,"column":41}},"36":{"start":{"line":81,"column":21},"end":{"line":81,"column":58}},"37":{"start":{"line":85,"column":8},"end":{"line":85,"column":56}},"38":{"start":{"line":86,"column":8},"end":{"line":86,"column":34}},"39":{"start":{"line":92,"column":0},"end":{"line":105,"column":1}},"40":{"start":{"line":94,"column":4},"end":{"line":104,"column":5}},"41":{"start":{"line":96,"column":8},"end":{"line":99,"column":11}},"42":{"start":{"line":97,"column":12},"end":{"line":98,"column":54}},"43":{"start":{"line":97,"column":22},"end":{"line":97,"column":37}},"44":{"start":{"line":98,"column":17},"end":{"line":98,"column":54}},"45":{"start":{"line":101,"column":8},"end":{"line":101,"column":56}},"46":{"start":{"line":102,"column":8},"end":{"line":102,"column":34}}},"fnMap":{"0":{"name":"(anonymous_0)","decl":{"start":{"line":8,"column":31},"end":{"line":8,"column":32}},"loc":{"start":{"line":8,"column":51},"end":{"line":57,"column":1}},"line":8},"1":{"name":"(anonymous_1)","decl":{"start":{"line":59,"column":29},"end":{"line":59,"column":30}},"loc":{"start":{"line":59,"column":43},"end":{"line":64,"column":1}},"line":59},"2":{"name":"(anonymous_2)","decl":{"start":{"line":60,"column":22},"end":{"line":60,"column":23}},"loc":{"start":{"line":60,"column":37},"end":{"line":63,"column":5}},"line":60},"3":{"name":"(anonymous_3)","decl":{"start":{"line":66,"column":31},"end":{"line":66,"column":32}},"loc":{"start":{"line":66,"column":45},"end":{"line":90,"column":1}},"line":66},"4":{"name":"(anonymous_4)","decl":{"start":{"line":79,"column":12},"end":{"line":79,"column":13}},"loc":{"start":{"line":79,"column":27},"end":{"line":82,"column":13}},"line":79},"5":{"name":"(anonymous_5)","decl":{"start":{"line":92,"column":31},"end":{"line":92,"column":32}},"loc":{"start":{"line":92,"column":45},"end":{"line":105,"column":1}},"line":92},"6":{"name":"(anonymous_6)","decl":{"start":{"line":96,"column":54},"end":{"line":96,"column":55}},"loc":{"start":{"line":96,"column":69},"end":{"line":99,"column":9}},"line":96}},"branchMap":{"0":{"loc":{"start":{"line":10,"column":4},"end":{"line":56,"column":5}},"type":"if","locations":[{"start":{"line":10,"column":4},"end":{"line":56,"column":5}},{"start":{"line":10,"column":4},"end":{"line":56,"column":5}}],"line":10},"1":{"loc":{"start":{"line":14,"column":8},"end":{"line":36,"column":9}},"type":"if","locations":[{"start":{"line":14,"column":8},"end":{"line":36,"column":9}},{"start":{"line":14,"column":8},"end":{"line":36,"column":9}}],"line":14},"2":{"loc":{"start":{"line":16,"column":16},"end":{"line":21,"column":44}},"type":"if","locations":[{"start":{"line":16,"column":16},"end":{"line":21,"column":44}},{"start":{"line":16,"column":16},"end":{"line":21,"column":44}}],"line":16},"3":{"loc":{"start":{"line":17,"column":20},"end":{"line":19,"column":61}},"type":"binary-expr","locations":[{"start":{"line":17,"column":20},"end":{"line":17,"column":60}},{"start":{"line":18,"column":20},"end":{"line":18,"column":60}},{"start":{"line":19,"column":20},"end":{"line":19,"column":61}}],"line":17},"4":{"loc":{"start":{"line":23,"column":16},"end":{"line":23,"column":69}},"type":"if","locations":[{"start":{"line":23,"column":16},"end":{"line":23,"column":69}},{"start":{"line":23,"column":16},"end":{"line":23,"column":69}}],"line":23},"5":{"loc":{"start":{"line":43,"column":22},"end":{"line":43,"column":79}},"type":"cond-expr","locations":[{"start":{"line":43,"column":42},"end":{"line":43,"column":74}},{"start":{"line":43,"column":77},"end":{"line":43,"column":79}}],"line":43},"6":{"loc":{"start":{"line":61,"column":8},"end":{"line":62,"column":55}},"type":"if","locations":[{"start":{"line":61,"column":8},"end":{"line":62,"column":55}},{"start":{"line":61,"column":8},"end":{"line":62,"column":55}}],"line":61},"7":{"loc":{"start":{"line":68,"column":4},"end":{"line":88,"column":5}},"type":"if","locations":[{"start":{"line":68,"column":4},"end":{"line":88,"column":5}},{"start":{"line":68,"column":4},"end":{"line":88,"column":5}}],"line":68},"8":{"loc":{"start":{"line":80,"column":16},"end":{"line":81,"column":58}},"type":"if","locations":[{"start":{"line":80,"column":16},"end":{"line":81,"column":58}},{"start":{"line":80,"column":16},"end":{"line":81,"column":58}}],"line":80},"9":{"loc":{"start":{"line":94,"column":4},"end":{"line":104,"column":5}},"type":"if","locations":[{"start":{"line":94,"column":4},"end":{"line":104,"column":5}},{"start":{"line":94,"column":4},"end":{"line":104,"column":5}}],"line":94},"10":{"loc":{"start":{"line":97,"column":12},"end":{"line":98,"column":54}},"type":"if","locations":[{"start":{"line":97,"column":12},"end":{"line":98,"column":54}},{"start":{"line":97,"column":12},"end":{"line":98,"column":54}}],"line":97}},"s":{"0":1,"1":1,"2":1,"3":1,"4":1,"5":1,"6":0,"7":0,"8":0,"9":0,"10":0,"11":0,"12":0,"13":0,"14":0,"15":0,"16":0,"17":0,"18":0,"19":0,"20":0,"21":0,"22":0,"23":0,"24":0,"25":1,"26":0,"27":0,"28":0,"29":0,"30":1,"31":0,"32":0,"33":0,"34":0,"35":0,"36":0,"37":0,"3
[...]
ddleware\\middleware.js","statementMap":{"0":{"start":{"line":1,"column":12},"end":{"line":1,"column":35}},"1":{"start":{"line":2,"column":18},"end":{"line":2,"column":49}},"2":{"start":{"line":5,"column":0},"end":{"line":22,"column":2}},"3":{"start":{"line":6,"column":16},"end":{"line":6,"column":31}},"4":{"start":{"line":7,"column":2},"end":{"line":21,"column":3}},"5":{"start":{"line":8,"column":4},"end":{"line":17,"column":7}},"6":{"start":{"line":9,"column":6},"end":{"line":16,"column":7}},"7":{"start":{"line":10,"column":8},"end":{"line":10,"column":31}},"8":{"start":{"line":11,"column":8},"end":{"line":11,"column":15}},"9":{"start":{"line":13,"column":19},"end":{"line":13,"column":60}},"10":{"start":{"line":14,"column":8},"end":{"line":14,"column":31}},"11":{"start":{"line":15,"column":8},"end":{"line":15,"column":15}},"12":{"start":{"line":19,"column":4},"end":{"line":19,"column":27}},"13":{"start":{"line":20,"column":4},"end":{"line":20,"column":11}},"14":{"start":{"line":25,"column":0},"end":{"line":40,"column":2}},"15":{"start":{"line":26,"column":16},"end":{"line":26,"column":31}},"16":{"start":{"line":27,"column":2},"end":{"line":39,"column":3}},"17":{"start":{"line":28,"column":4},"end":{"line":36,"column":7}},"18":{"start":{"line":29,"column":6},"end":{"line":35,"column":7}},"19":{"start":{"line":30,"column":8},"end":{"line":30,"column":25}},"20":{"start":{"line":31,"column":8},"end":{"line":31,"column":38}},"21":{"start":{"line":33,"column":8},"end":{"line":33,"column":37}},"22":{"start":{"line":34,"column":8},"end":{"line":34,"column":15}},"23":{"start":{"line":38,"column":4},"end":{"line":38,"column":28}}},"fnMap":{"0":{"name":"(anonymous_0)","decl":{"start":{"line":5,"column":27},"end":{"line":5,"column":28}},"loc":{"start":{"line":5,"column":47},"end":{"line":22,"column":1}},"line":5},"1":{"name":"(anonymous_1)","decl":{"start":{"line":8,"column":48},"end":{"line":8,"column":49}},"loc":{"start":{"line":8,"column":77},"end":{"line":17,"column":5}},"line":8},"2":{"name":"(anonymous_2)","decl":{"start":{"line":25,"column":29},"end":{"line":25,"column":30}},"loc":{"start":{"line":25,"column":49},"end":{"line":40,"column":1}},"line":25},"3":{"name":"(anonymous_3)","decl":{"start":{"line":28,"column":48},"end":{"line":28,"column":49}},"loc":{"start":{"line":28,"column":77},"end":{"line":36,"column":5}},"line":28}},"branchMap":{"0":{"loc":{"start":{"line":7,"column":2},"end":{"line":21,"column":3}},"type":"if","locations":[{"start":{"line":7,"column":2},"end":{"line":21,"column":3}},{"start":{"line":7,"column":2},"end":{"line":21,"column":3}}],"line":7},"1":{"loc":{"start":{"line":9,"column":6},"end":{"line":16,"column":7}},"type":"if","locations":[{"start":{"line":9,"column":6},"end":{"line":16,"column":7}},{"start":{"line":9,"column":6},"end":{"line":16,"column":7}}],"line":9},"2":{"loc":{"start":{"line":27,"column":2},"end":{"line":39,"column":3}},"type":"if","locations":[{"start":{"line":27,"column":2},"end":{"line":39,"column":3}},{"start":{"line":27,"column":2},"end":{"line":39,"column":3}}],"line":27},"3":{"loc":{"start":{"line":29,"column":6},"end":{"line":35,"column":7}},"type":"if","locations":[{"start":{"line":29,"column":6},"end":{"line":35,"column":7}},{"start":{"line":29,"column":6},"end":{"line":35,"column":7}}],"line":29}},"s":{"0":1,"1":1,"2":1,"3":1,"4":1,"5":0,"6":0,"7":0,"8":0,"9":0,"10":0,"11":0,"12":1,"13":1,"14":1,"15":0,"16":0,"17":0,"18":0,"19":0,"20":0,"21":0,"22":0,"23":0},"f":{"0":1,"1":0,"2":0,"3":0},"b":{"0":[0,1],"1":[0,0],"2":[0,0],"3":[0,0]},"_coverageSchema":"1a1c01bbd47fc00a2c39e90264f33305004495a9","hash":"9c8e2c516f00c20085428764a8e75f1759188639"}
,"C:\\Users\\user\\Desktop\\atypikhouse\\models\\param_model.js": {"path":"C:\\Users\\user\\Desktop\\atypikhouse\\models\\param_model.js","statementMap":{"0":{"start":{"line":1,"column":17},"end":{"line":1,"column":36}},"1":{"start":{"line":3,"column":21},"end":{"line":25,"column":1}},"2":{"start":{"line":27,"column":0},"end":{"line":27,"column":55}}},"fnMap":{},"branchMap":{},"s":{"0":1,"1":1,"2":1},"f":{},"b":{},"_coverageSchema":"1a1c01bbd47fc00a2c39e90264f33305004495a9","hash":"3210829db765e46d33c8aac0c9cd18c464106239"}
,"C:\\Users\\user\\Desktop\\atypikhouse\\models\\post_model.js": {"path":"C:\\Users\\user\\Desktop\\atypikhouse\\models\\post_model.js","statementMap":{"0":{"start":{"line":1,"column":17},"end":{"line":1,"column":36}},"1":{"start":{"line":3,"column":20},"end":{"line":112,"column":1}},"2":{"start":{"line":114,"column":0},"end":{"line":114,"column":53}}},"fnMap":{},"branchMap":{},"s":{"0":1,"1":1,"2":1},"f":{},"b":{},"_coverageSchema":"1a1c01bbd47fc00a2c39e90264f33305004495a9","hash":"da6b69b2b8840b0eaf15adc1b717ec6a64b26869"}
,"C:\\Users\\user\\Desktop\\atypikhouse\\models\\section_model.js": {"path":"C:\\Users\\user\\Desktop\\atypikhouse\\models\\section_model.js","statementMap":{"0":{"start":{"line":1,"column":17},"end":{"line":1,"column":36}},"1":{"start":{"line":3,"column":23},"end":{"line":25,"column":1}},"2":{"start":{"line":27,"column":0},"end":{"line":27,"column":59}}},"fnMap":{},"branchMap":{},"s":{"0":1,"1":1,"2":1},"f":{},"b":{},"_coverageSchema":"1a1c01bbd47fc00a2c39e90264f33305004495a9","hash":"392f597f0abf23b6aa78c5abbae09d9584fb3c83"}
,"C:\\Users\\user\\Desktop\\atypikhouse\\models\\user_model.js": {"path":"C:\\Users\\user\\Desktop\\atypikhouse\\models\\user_model.js","statementMap":{"0":{"start":{"line":1,"column":17},"end":{"line":1,"column":36}},"1":{"start":{"line":2,"column":19},"end":{"line":2,"column":39}},"2":{"start":{"line":3,"column":15},"end":{"line":3,"column":32}},"3":{"start":{"line":4,"column":20},"end":{"line":48,"column":1}},"4":{"start":{"line":50,"column":0},"end":{"line":54,"column":3}},"5":{"start":{"line":51,"column":15},"end":{"line":51,"column":37}},"6":{"start":{"line":52,"column":2},"end":{"line":52,"column":57}},"7":{"start":{"line":53,"column":2},"end":{"line":53,"column":9}},"8":{"start":{"line":56,"column":0},"end":{"line":66,"column":2}},"9":{"start":{"line":57,"column":15},"end":{"line":57,"column":44}},"10":{"start":{"line":58,"column":2},"end":{"line":64,"column":3}},"11":{"start":{"line":59,"column":17},"end":{"line":59,"column":62}},"12":{"start":{"line":60,"column":4},"end":{"line":62,"column":5}},"13":{"start":{"line":61,"column":6},"end":{"line":61,"column":18}},"14":{"start":{"line":63,"column":4},"end":{"line":63,"column":38}},"15":{"start":{"line":65,"column":2},"end":{"line":65,"column":32}},"16":{"start":{"line":68,"column":18},"end":{"line":68,"column":53}},"17":{"start":{"line":70,"column":0},"end":{"line":70,"column":27}}},"fnMap":{"0":{"name":"(anonymous_0)","decl":{"start":{"line":50,"column":24},"end":{"line":50,"column":25}},"loc":{"start":{"line":50,"column":45},"end":{"line":54,"column":1}},"line":50},"1":{"name":"(anonymous_1)","decl":{"start":{"line":56,"column":28},"end":{"line":56,"column":29}},"loc":{"start":{"line":56,"column":60},"end":{"line":66,"column":1}},"line":56}},"branchMap":{"0":{"loc":{"start":{"line":58,"column":2},"end":{"line":64,"column":3}},"type":"if","locations":[{"start":{"line":58,"column":2},"end":{"line":64,"column":3}},{"start":{"line":58,"column":2},"end":{"line":64,"column":3}}],"line":58},"1":{"loc":{"start":{"line":60,"column":4},"end":{"line":62,"column":5}},"type":"if","locations":[{"start":{"line":60,"column":4},"end":{"line":62,"column":5}},{"start":{"line":60,"column":4},"end":{"line":62,"column":5}}],"line":60}},"s":{"0":1,"1":1,"2":1,"3":1,"4":1,"5":0,"6":0,"7":0,"8":1,"9":0,"10":0,"11":0,"12":0,"13":0,"14":0,"15":0,"16":1,"17":1},"f":{"0":0,"1":0},"b":{"0":[0,0],"1":[0,0]},"_coverageSchema":"1a1c01bbd47fc00a2c39e90264f33305004495a9","hash":"250b8d770f14695a1e8d6a58cefacf9df05ab999"}
,"C:\\Users\\user\\Desktop\\atypikhouse\\routes\\param_route.js": {"path":"C:\\Users\\user\\Desktop\\atypikhouse\\routes\\param_route.js","statementMap":{"0":{"start":{"line":1,"column":15},"end":{"line":1,"column":42}},"1":{"start":{"line":2,"column":24},"end":{"line":2,"column":66}},"2":{"start":{"line":3,"column":25},"end":{"line":3,"column":67}},"3":{"start":{"line":4,"column":15},"end":{"line":4,"column":32}},"4":{"start":{"line":5,"column":15},"end":{"line":5,"column":23}},"5":{"start":{"line":8,"column":0},"end":{"line":8,"column":43}},"6":{"start":{"line":9,"column":0},"end":{"line":9,"column":70}},"7":{"start":{"line":10,"column":0},"end":{"line":10,"column":51}},"8":{"start":{"line":11,"column":0},"end":{"line":11,"column":48}},"9":{"start":{"line":12,"column":0},"end":{"line":12,"column":76}},"10":{"start":{"line":16,"column":0},"end":{"line":16,"column":24}}},"fnMap":{},"branchMap":{},"s":{"0":1,"1":1,"2":1,"3":1,"4":1,"5":1,"6":1,"7":1,"8":1,"9":1,"10":1},"f":{},"b":{},"_coverageSchema":"1a1c01bbd47fc00a2c39e90264f33305004495a9","hash":"45f1bbabb636628b644200e1cae7344f8841bfd1"}
,"C:\\Users\\user\\Desktop\\atypikhouse\\routes\\post_route.js": {"path":"C:\\Users\\user\\Desktop\\atypikhouse\\routes\\post_route.js","statementMap":{"0":{"start":{"line":1,"column":15},"end":{"line":1,"column":42}},"1":{"start":{"line":2,"column":23},"end":{"line":2,"column":65}},"2":{"start":{"line":3,"column":15},"end":{"line":3,"column":32}},"3":{"start":{"line":4,"column":15},"end":{"line":4,"column":23}},"4":{"start":{"line":8,"column":0},"end":{"line":8,"column":41}},"5":{"start":{"line":9,"column":0},"end":{"line":9,"column":67}},"6":{"start":{"line":10,"column":0},"end":{"line":10,"column":46}},"7":{"start":{"line":11,"column":0},"end":{"line":11,"column":49}},"8":{"start":{"line":12,"column":0},"end":{"line":12,"column":79}},"9":{"start":{"line":15,"column":0},"end":{"line":15,"column":56}},"10":{"start":{"line":16,"column":0},"end":{"line":16,"column":60}},"11":{"start":{"line":19,"column":0},"end":{"line":19,"column":62}},"12":{"start":{"line":20,"column":0},"end":{"line":20,"column":71}},"13":{"start":{"line":21,"column":0},"end":{"line":21,"column":75}},"14":{"start":{"line":24,"column":0},"end":{"line":24,"column":69}},"15":{"start":{"line":25,"column":0},"end":{"line":25,"column":70}},"16":{"start":{"line":26,"column":0},"end":{"line":26,"column":70}},"17":{"start":{"line":30,"column":0},"end":{"line":30,"column":81}},"18":{"start":{"line":31,"column":0},"end":{"line":31,"column":77}},"19":{"start":{"line":32,"column":0},"end":{"line":32,"column":67}},"20":{"start":{"line":36,"column":0},"end":{"line":36,"column":52}},"21":{"start":{"line":37,"column":0},"end":{"line":37,"column":66}},"22":{"start":{"line":39,"column":0},"end":{"line":39,"column":24}}},"fnMap":{},"branchMap":{},"s":{"0":1,"1":1,"2":1,"3":1,"4":1,"5":1,"6":1,"7":1,"8":1,"9":1,"10":1,"11":1,"12":1,"13":1,"14":1,"15":1,"16":1,"17":1,"18":1,"19":1,"20":1,"21":1,"22":1},"f":{},"b":{},"_coverageSchema":"1a1c01bbd47fc00a2c39e90264f33305004495a9","hash":"3451387c861dfb9f85881bb16dfcbf3dd347d5e8"}
,"C:\\Users\\user\\Desktop\\atypikhouse\\routes\\section_route.js": {"path":"C:\\Users\\user\\Desktop\\atypikhouse\\routes\\section_route.js","statementMap":{"0":{"start":{"line":1,"column":15},"end":{"line":1,"column":42}},"1":{"start":{"line":2,"column":26},"end":{"line":2,"column":70}},"2":{"start":{"line":3,"column":25},"end":{"line":3,"column":73}},"3":{"start":{"line":4,"column":15},"end":{"line":4,"column":32}},"4":{"start":{"line":5,"column":15},"end":{"line":5,"column":23}},"5":{"start":{"line":7,"column":0},"end":{"line":7,"column":47}},"6":{"start":{"line":8,"column":0},"end":{"line":8,"column":73}},"7":{"start":{"line":9,"column":0},"end":{"line":9,"column":55}},"8":{"start":{"line":10,"column":0},"end":{"line":10,"column":53}},"9":{"start":{"line":11,"column":0},"end":{"line":11,"column":78}},"10":{"start":{"line":13,"column":0},"end":{"line":13,"column":24}}},"fnMap":{},"branchMap":{},"s":{"0":1,"1":1,"2":1,"3":1,"4":1,"5":1,"6":1,"7":1,"8":1,"9":1,"10":1},"f":{},"b":{},"_coverageSchema":"1a1c01bbd47fc00a2c39e90264f33305004495a9","hash":"27e0d08d0065171b8ad8e627656fce491cab5338"}
,"C:\\Users\\user\\Desktop\\atypikhouse\\routes\\user_route.js": {"path":"C:\\Users\\user\\Desktop\\atypikhouse\\routes\\user_route.js","statementMap":{"0":{"start":{"line":1,"column":15},"end":{"line":1,"column":42}},"1":{"start":{"line":2,"column":23},"end":{"line":2,"column":76}},"2":{"start":{"line":3,"column":23},"end":{"line":3,"column":65}},"3":{"start":{"line":4,"column":25},"end":{"line":4,"column":72}},"4":{"start":{"line":5,"column":15},"end":{"line":5,"column":32}},"5":{"start":{"line":6,"column":15},"end":{"line":6,"column":23}},"6":{"start":{"line":9,"column":0},"end":{"line":9,"column":51}},"7":{"start":{"line":10,"column":0},"end":{"line":10,"column":55}},"8":{"start":{"line":11,"column":0},"end":{"line":11,"column":48}},"9":{"start":{"line":12,"column":0},"end":{"line":12,"column":45}},"10":{"start":{"line":13,"column":0},"end":{"line":13,"column":45}},"11":{"start":{"line":14,"column":0},"end":{"line":14,"column":44}},"12":{"start":{"line":15,"column":0},"end":{"line":15,"column":44}},"13":{"start":{"line":16,"column":0},"end":{"line":16,"column":46}},"14":{"start":{"line":17,"column":0},"end":{"line":17,"column":49}},"15":{"start":{"line":18,"column":0},"end":{"line":18,"column":77}},"16":{"start":{"line":20,"column":0},"end":{"line":20,"column":59}},"17":{"start":{"line":22,"column":0},"end":{"line":22,"column":24}}},"fnMap":{},"branchMap":{},"s":{"0":1,"1":1,"2":1,"3":1,"4":1,"5":1,"6":1,"7":1,"8":1,"9":1,"10":1,"11":1,"12":1,"13":1,"14":1,"15":1,"16":1,"17":1},"f":{},"b":{},"_coverageSchema":"1a1c01bbd47fc00a2c39e90264f33305004495a9","hash":"e33e2abef8db3a9103014a32660bd2022e2bf338"}
,"C:\\Users\\user\\Desktop\\atypikhouse\\utilitaires\\errors_utils.js": {"path":"C:\\Users\\user\\Desktop\\atypikhouse\\utilitaires\\errors_utils.js","statementMap":{"0":{"start":{"line":1,"column":0},"end":{"line":23,"column":2}},"1":{"start":{"line":2,"column":15},"end":{"line":2,"column":63}},"2":{"start":{"line":4,"column":2},"end":{"line":5,"column":52}},"3":{"start":{"line":5,"column":4},"end":{"line":5,"column":52}},"4":{"start":{"line":7,"column":2},"end":{"line":8,"column":37}},"5":{"start":{"line":8,"column":4},"end":{"line":8,"column":37}},"6":{"start":{"line":10,"column":2},"end":{"line":11,"column":49}},"7":{"start":{"line":11,"column":4},"end":{"line":11,"column":49}},"8":{"start":{"line":13,"column":2},"end":{"line":14,"column":74}},"9":{"start":{"line":14,"column":4},"end":{"line":14,"column":74}},"10":{"start":{"line":16,"column":2},"end":{"line":17,"column":46}},"11":{"start":{"line":17,"column":4},"end":{"line":17,"column":46}},"12":{"start":{"line":19,"column":2},"end":{"line":20,"column":51}},"13":{"start":{"line":20,"column":4},"end":{"line":20,"column":51}},"14":{"start":{"line":22,"column":2},"end":{"line":22,"column":16}},"15":{"start":{"line":25,"column":0},"end":{"line":35,"column":1}},"16":{"start":{"line":26,"column":15},"end":{"line":26,"column":41}},"17":{"start":{"line":28,"column":2},"end":{"line":29,"column":43}},"18":{"start":{"line":29,"column":4},"end":{"line":29,"column":43}},"19":{"start":{"line":31,"column":2},"end":{"line":32,"column":48}},"20":{"start":{"line":32,"column":4},"end":{"line":32,"column":48}},"21":{"start":{"line":34,"column":2},"end":{"line":34,"column":15}},"22":{"start":{"line":37,"column":0},"end":{"line":50,"column":1}},"23":{"start":{"line":38,"column":15},"end":{"line":38,"column":51}},"24":{"start":{"line":40,"column":2},"end":{"line":41,"column":35}},"25":{"start":{"line":41,"column":4},"end":{"line":41,"column":35}},"26":{"start":{"line":43,"column":2},"end":{"line":44,"column":57}},"27":{"start":{"line":44,"column":4},"end":{"line":44,"column":57}},"28":{"start":{"line":46,"column":2},"end":{"line":47,"column":52}},"29":{"start":{"line":47,"column":4},"end":{"line":47,"column":52}},"30":{"start":{"line":49,"column":2},"end":{"line":49,"column":16}}},"fnMap":{"0":{"name":"(anonymous_0)","decl":{"start":{"line":1,"column":30},"end":{"line":1,"column":31}},"loc":{"start":{"line":1,"column":39},"end":{"line":23,"column":1}},"line":1},"1":{"name":"(anonymous_1)","decl":{"start":{"line":25,"column":30},"end":{"line":25,"column":31}},"loc":{"start":{"line":25,"column":39},"end":{"line":35,"column":1}},"line":25},"2":{"name":"(anonymous_2)","decl":{"start":{"line":37,"column":30},"end":{"line":37,"column":31}},"loc":{"start":{"line":37,"column":39},"end":{"line":50,"column":1}},"line":37}},"branchMap":{"0":{"loc":{"start":{"line":4,"column":2},"end":{"line":5,"column":52}},"type":"if","locations":[{"start":{"line":4,"column":2},"end":{"line":5,"column":52}},{"start":{"line":4,"column":2},"end":{"line":5,"column":52}}],"line":4},"1":{"loc":{"start":{"line":7,"column":2},"end":{"line":8,"column":37}},"type":"if","locations":[{"start":{"line":7,"column":2},"end":{"line":8,"column":37}},{"start":{"line":7,"column":2},"end":{"line":8,"column":37}}],"line":7},"2":{"loc":{"start":{"line":10,"column":2},"end":{"line":11,"column":49}},"type":"if","locations":[{"start":{"line":10,"column":2},"end":{"line":11,"column":49}},{"start":{"line":10,"column":2},"end":{"line":11,"column":49}}],"line":10},"3":{"loc":{"start":{"line":13,"column":2},"end":{"line":14,"column":74}},"type":"if","locations":[{"start":{"line":13,"column":2},"end":{"line":14,"column":74}},{"start":{"line":13,"column":2},"end":{"line":14,"column":74}}],"line":13},"4":{"loc":{"start":{"line":16,"column":2},"end":{"line":17,"column":46}},"type":"if","locations":[{"start":{"line":16,"column":2},"end":{"line":17,"column":46}},{"start":{"line":16,"column":2},"end":{"line":17,"column":46}}],"line":16},"5":{"loc":{"start":{"line":16,"column":6},"end":{"line":16,"column":75}},"type":"binary-expr","locations":[{"start":{"line":16,"column":6},"end":{"line":16,"column":24}},{"start":{"line":16,"column":28},"end":{"line":16,"column":75}}],"line":16},"6":{"loc":{"start":{"line":19,"column":2},"end":{"line":20,"column":51}},"type":"if","locations":[{"start":{"line":19,"column":2},"end":{"line":20,"column":51}},{"start":{"line":19,"column":2},"end":{"line":20,"column":51}}],"line":19},"7":{"loc":{"start":{"line":19,"column":6},"end":{"line":19,"column":74}},"type":"binary-expr","locations":[{"start":{"line":19,"column":6},"end":{"line":19,"column":24}},{"start":{"line":19,"column":28},"end":{"line":19,"column":74}}],"line":19},"8":{"loc":{"start":{"line":28,"column":2},"end":{"line":29,"column":43}},"type":"if","locations":[{"start":{"line":28,"column":2},"end":{"line":29,"column":43}},{"start":{"line":28,"column":2},"end":{"line":29,"column":43}}],"line":28},"9":{"loc":{"start":{"line":31,"column":2},"end":{"line":32,"column":48}},"type":"if","locations":[{"start":{"line":31,"column":2},"end":{"line":32,"column":48}},{"start":{"line":31,"column":2},"end":{"line":32,"column":48}}],"line":31},"10":{"loc":{"start":{"line":40,"column":2},"end":{"line":41,"column":35}},"type":"if","locations":[{"start":{"line":40,"column":2},"end":{"line":41,"column":35}},{"start":{"line":40,"column":2},"end":{"line":41,"column":35}}],"line":40},"11":{"loc":{"start":{"line":43,"column":2},"end":{"line":44,"column":57}},"type":"if","locations":[{"start":{"line":43,"column":2},"end":{"line":44,"column":57}},{"start":{"line":43,"column":2},"end":{"line":44,"column":57}}],"line":43},"12":{"loc":{"start":{"line":46,"column":2},"end":{"line":47,"column":52}},"type":"if","locations":[{"start":{"line":46,"column":2},"end":{"line":47,"column":52}},{"start":{"line":46,"column":2},"end":{"line":47,"column":52}}],"line":46}},"s":{"0":1,"1":0,"2":0,"3":0,"4":0,"5":0,"6":0,"7":0,"8":0,"9":0,"10":0,"11":0,"12":0,"13":0,"14":0,"15":1,"16":0,"17":0,"18":0,"19":0,"20":0,"21":0,"22":1,"23":0,"24":0,"25":0,"26":0,"27":0,"28":0,"29":0,"30":0},"f":{"0":0,"1":0,"2":0},"b":{"0":[0,0],"1":[0,0],"2":[0,0],"3":[0,0],"4":[0,0],"5":[0,0],"6":[0,0],"7":[0,0],"8":[0,0],"9":[0,0],"10":[0,0],"11":[0,0],"12":[0,0]},"_coverageSchema":"1a1c01bbd47fc00a2c39e90264f33305004495a9","hash":"da6c8bad1affb6d5d10efed7426e5c6fb09d9a12"}
}
