TN:
SF:server.js
FN:37,(anonymous_0)
FN:57,(anonymous_1)
FN:63,(anonymous_2)
FNF:3
FNH:1
FNDA:0,(anonymous_0)
FNDA:0,(anonymous_1)
FNDA:1,(anonymous_2)
DA:1,1
DA:2,1
DA:3,1
DA:4,1
DA:5,1
DA:6,1
DA:7,1
DA:8,1
DA:9,1
DA:10,1
DA:11,1
DA:12,1
DA:13,1
DA:15,1
DA:19,1
DA:28,1
DA:29,1
DA:31,1
DA:32,1
DA:33,1
DA:36,1
DA:37,1
DA:38,0
DA:39,0
DA:43,1
DA:44,1
DA:45,1
DA:46,1
DA:54,1
DA:55,0
DA:57,0
DA:58,0
DA:63,1
DA:64,1
DA:67,1
LF:35
LH:30
BRDA:54,0,0,0
BRDA:54,0,1,1
BRF:2
BRH:1
end_of_record
TN:
SF:config\db.js
FN:11,connexion
FN:17,(anonymous_1)
FN:23,(anonymous_2)
FN:24,(anonymous_3)
FN:32,(anonymous_4)
FN:33,(anonymous_5)
FN:37,disconnect
FNF:7
FNH:4
FNDA:2,connexion
FNDA:2,(anonymous_1)
FNDA:2,(anonymous_2)
FNDA:0,(anonymous_3)
FNDA:0,(anonymous_4)
FNDA:0,(anonymous_5)
FNDA:1,disconnect
DA:1,1
DA:11,1
DA:12,2
DA:13,2
DA:14,2
DA:16,2
DA:18,2
DA:23,2
DA:24,0
DA:27,0
DA:32,0
DA:33,0
DA:37,1
DA:38,1
DA:41,1
LF:15
LH:11
BRDA:12,0,0,2
BRDA:12,0,1,0
BRF:2
BRH:1
end_of_record
TN:
SF:controllers\authentification_controller.js
FN:8,(anonymous_0)
FN:15,(anonymous_1)
FN:40,(anonymous_2)
FN:56,(anonymous_3)
FN:75,(anonymous_4)
FN:94,(anonymous_5)
FN:113,(anonymous_6)
FNF:7
FNH:0
FNDA:0,(anonymous_0)
FNDA:0,(anonymous_1)
FNDA:0,(anonymous_2)
FNDA:0,(anonymous_3)
FNDA:0,(anonymous_4)
FNDA:0,(anonymous_5)
FNDA:0,(anonymous_6)
DA:1,1
DA:2,1
DA:3,1
DA:6,1
DA:8,1
DA:9,0
DA:15,1
DA:16,0
DA:18,0
DA:19,0
DA:20,0
DA:22,0
DA:30,0
DA:40,0
DA:41,0
DA:42,0
DA:44,0
DA:50,0
DA:56,1
DA:57,0
DA:59,0
DA:60,0
DA:61,0
DA:64,0
DA:65,0
DA:66,0
DA:69,0
DA:70,0
DA:75,1
DA:76,0
DA:78,0
DA:79,0
DA:80,0
DA:81,0
DA:83,0
DA:84,0
DA:85,0
DA:88,0
DA:89,0
DA:94,1
DA:95,0
DA:97,0
DA:98,0
DA:99,0
DA:102,0
DA:103,0
DA:104,0
DA:107,0
DA:108,0
DA:113,1
DA:114,0
DA:115,0
LF:52
LH:10
BRDA:41,0,0,0
BRDA:41,0,1,0
BRDA:61,1,0,0
BRDA:61,1,1,0
BRDA:80,2,0,0
BRDA:80,2,1,0
BRDA:99,3,0,0
BRDA:99,3,1,0
BRF:8
BRH:0
end_of_record
TN:
SF:controllers\img_pro_up_controller.js
FN:8,(anonymous_0)
FN:38,(anonymous_1)
FNF:2
FNH:0
FNDA:0,(anonymous_0)
FNDA:0,(anonymous_1)
DA:1,1
DA:2,1
DA:3,1
DA:4,1
DA:5,1
DA:8,1
DA:9,0
DA:10,0
DA:11,0
DA:12,0
DA:17,0
DA:19,0
DA:21,0
DA:22,0
DA:24,0
DA:26,0
DA:33,0
DA:34,0
DA:39,0
DA:40,0
DA:44,0
DA:47,0
DA:48,0
LF:23
LH:6
BRDA:9,0,0,0
BRDA:9,0,1,0
BRDA:9,1,0,0
BRDA:9,1,1,0
BRDA:9,1,2,0
BRDA:12,2,0,0
BRDA:12,2,1,0
BRDA:13,3,0,0
BRDA:13,3,1,0
BRDA:13,3,2,0
BRDA:19,4,0,0
BRDA:19,4,1,0
BRDA:39,5,0,0
BRDA:39,5,1,0
BRF:14
BRH:0
end_of_record
TN:
SF:controllers\img_section_controller.js
FN:8,(anonymous_0)
FN:39,(anonymous_1)
FNF:2
FNH:0
FNDA:0,(anonymous_0)
FNDA:0,(anonymous_1)
DA:1,1
DA:2,1
DA:3,1
DA:4,1
DA:5,1
DA:8,1
DA:10,0
DA:12,0
DA:13,0
DA:18,0
DA:20,0
DA:22,0
DA:23,0
DA:25,0
DA:27,0
DA:34,0
DA:35,0
DA:40,0
DA:41,0
DA:45,0
DA:48,0
DA:49,0
LF:22
LH:6
BRDA:10,0,0,0
BRDA:10,0,1,0
BRDA:13,1,0,0
BRDA:13,1,1,0
BRDA:14,2,0,0
BRDA:14,2,1,0
BRDA:14,2,2,0
BRDA:20,3,0,0
BRDA:20,3,1,0
BRDA:40,4,0,0
BRDA:40,4,1,0
BRF:11
BRH:0
end_of_record
TN:
SF:controllers\param_controller.js
FN:11,(anonymous_0)
FN:61,(anonymous_1)
FN:62,(anonymous_2)
FN:68,(anonymous_3)
FN:83,(anonymous_4)
FN:96,(anonymous_5)
FN:100,(anonymous_6)
FNF:7
FNH:0
FNDA:0,(anonymous_0)
FNDA:0,(anonymous_1)
FNDA:0,(anonymous_2)
FNDA:0,(anonymous_3)
FNDA:0,(anonymous_4)
FNDA:0,(anonymous_5)
FNDA:0,(anonymous_6)
DA:1,1
DA:2,1
DA:3,1
DA:4,1
DA:5,1
DA:6,1
DA:7,1
DA:8,1
DA:11,1
DA:14,0
DA:17,0
DA:18,0
DA:19,0
DA:24,0
DA:26,0
DA:28,0
DA:29,0
DA:31,0
DA:33,0
DA:41,0
DA:48,0
DA:49,0
DA:50,0
DA:52,0
DA:55,0
DA:56,0
DA:61,1
DA:62,0
DA:63,0
DA:64,0
DA:68,1
DA:70,0
DA:71,0
DA:79,0
DA:84,0
DA:85,0
DA:89,0
DA:90,0
DA:96,1
DA:98,0
DA:100,0
DA:101,0
DA:102,0
DA:105,0
DA:106,0
LF:45
LH:12
BRDA:14,0,0,0
BRDA:14,0,1,0
BRDA:17,1,0,0
BRDA:17,1,1,0
BRDA:19,2,0,0
BRDA:19,2,1,0
BRDA:20,3,0,0
BRDA:20,3,1,0
BRDA:20,3,2,0
BRDA:26,4,0,0
BRDA:26,4,1,0
BRDA:46,5,0,0
BRDA:46,5,1,0
BRDA:63,6,0,0
BRDA:63,6,1,0
BRDA:70,7,0,0
BRDA:70,7,1,0
BRDA:84,8,0,0
BRDA:84,8,1,0
BRDA:98,9,0,0
BRDA:98,9,1,0
BRDA:101,10,0,0
BRDA:101,10,1,0
BRF:23
BRH:0
end_of_record
TN:
SF:controllers\posts_controller.js
FN:13,(anonymous_0)
FN:33,(anonymous_1)
FN:44,(anonymous_2)
FN:67,(anonymous_3)
FN:78,(anonymous_4)
FN:79,(anonymous_5)
FN:86,(anonymous_6)
FN:98,(anonymous_7)
FN:107,(anonymous_8)
FN:175,(anonymous_9)
FN:190,(anonymous_10)
FN:204,(anonymous_11)
FN:209,(anonymous_12)
FN:222,(anonymous_13)
FN:240,(anonymous_14)
FN:251,(anonymous_15)
FN:272,(anonymous_16)
FN:284,(anonymous_17)
FN:289,(anonymous_18)
FN:290,(anonymous_19)
FN:297,(anonymous_20)
FN:309,(anonymous_21)
FN:324,(anonymous_22)
FN:335,(anonymous_23)
FN:373,(anonymous_24)
FN:384,(anonymous_25)
FN:431,(anonymous_26)
FN:443,(anonymous_27)
FN:490,(anonymous_28)
FN:502,(anonymous_29)
FN:517,(anonymous_30)
FN:528,(anonymous_31)
FN:533,(anonymous_32)
FN:534,(anonymous_33)
FN:541,(anonymous_34)
FN:552,(anonymous_35)
FN:567,(anonymous_36)
FN:578,(anonymous_37)
FN:589,(anonymous_38)
FN:599,(anonymous_39)
FN:610,(anonymous_40)
FN:621,(anonymous_41)
FN:631,(anonymous_42)
FNF:43
FNH:9
FNDA:0,(anonymous_0)
FNDA:0,(anonymous_1)
FNDA:0,(anonymous_2)
FNDA:0,(anonymous_3)
FNDA:1,(anonymous_4)
FNDA:1,(anonymous_5)
FNDA:0,(anonymous_6)
FNDA:0,(anonymous_7)
FNDA:1,(anonymous_8)
FNDA:0,(anonymous_9)
FNDA:0,(anonymous_10)
FNDA:1,(anonymous_11)
FNDA:1,(anonymous_12)
FNDA:1,(anonymous_13)
FNDA:1,(anonymous_14)
FNDA:1,(anonymous_15)
FNDA:1,(anonymous_16)
FNDA:0,(anonymous_17)
FNDA:0,(anonymous_18)
FNDA:0,(anonymous_19)
FNDA:0,(anonymous_20)
FNDA:0,(anonymous_21)
FNDA:0,(anonymous_22)
FNDA:0,(anonymous_23)
FNDA:0,(anonymous_24)
FNDA:0,(anonymous_25)
FNDA:0,(anonymous_26)
FNDA:0,(anonymous_27)
FNDA:0,(anonymous_28)
FNDA:0,(anonymous_29)
FNDA:0,(anonymous_30)
FNDA:0,(anonymous_31)
FNDA:0,(anonymous_32)
FNDA:0,(anonymous_33)
FNDA:0,(anonymous_34)
FNDA:0,(anonymous_35)
FNDA:0,(anonymous_36)
FNDA:0,(anonymous_37)
FNDA:0,(anonymous_38)
FNDA:0,(anonymous_39)
FNDA:0,(anonymous_40)
FNDA:0,(anonymous_41)
FNDA:0,(anonymous_42)
DA:1,1
DA:2,1
DA:3,1
DA:4,1
DA:5,1
DA:6,1
DA:7,1
DA:8,1
DA:9,1
DA:10,1
DA:13,1
DA:14,0
DA:16,0
DA:24,0
DA:33,0
DA:34,0
DA:35,0
DA:37,0
DA:44,1
DA:45,0
DA:47,0
DA:55,0
DA:67,0
DA:68,0
DA:69,0
DA:71,0
DA:78,1
DA:79,1
DA:80,1
DA:81,0
DA:86,1
DA:88,0
DA:89,0
DA:91,0
DA:96,0
DA:99,0
DA:100,0
DA:107,1
DA:111,1
DA:113,1
DA:114,0
DA:115,0
DA:120,0
DA:122,0
DA:124,0
DA:125,0
DA:127,0
DA:129,0
DA:137,1
DA:158,1
DA:159,1
DA:160,1
DA:162,0
DA:165,0
DA:166,0
DA:175,1
DA:176,0
DA:177,0
DA:178,0
DA:180,0
DA:186,0
DA:191,0
DA:192,0
DA:196,0
DA:197,0
DA:204,1
DA:205,1
DA:206,1
DA:207,0
DA:209,1
DA:210,1
DA:211,0
DA:214,0
DA:215,0
DA:222,1
DA:223,1
DA:224,0
DA:226,1
DA:227,1
DA:241,1
DA:242,0
DA:246,0
DA:251,1
DA:252,1
DA:253,0
DA:255,1
DA:256,1
DA:257,1
DA:273,1
DA:274,0
DA:278,0
DA:284,1
DA:285,0
DA:286,0
DA:288,0
DA:289,0
DA:290,0
DA:291,0
DA:294,0
DA:295,0
DA:297,0
DA:298,0
DA:299,0
DA:304,0
DA:309,1
DA:310,0
DA:311,0
DA:313,0
DA:314,0
DA:325,0
DA:326,0
DA:330,0
DA:335,1
DA:339,0
DA:340,0
DA:341,0
DA:346,0
DA:348,0
DA:350,0
DA:351,0
DA:353,0
DA:355,0
DA:364,0
DA:365,0
DA:374,0
DA:375,0
DA:379,0
DA:384,1
DA:385,0
DA:386,0
DA:391,0
DA:392,0
DA:393,0
DA:398,0
DA:400,0
DA:402,0
DA:403,0
DA:405,0
DA:407,0
DA:416,0
DA:417,0
DA:432,0
DA:433,0
DA:437,0
DA:443,1
DA:444,0
DA:445,0
DA:450,0
DA:451,0
DA:452,0
DA:457,0
DA:459,0
DA:461,0
DA:462,0
DA:464,0
DA:466,0
DA:475,0
DA:476,0
DA:491,0
DA:492,0
DA:496,0
DA:502,1
DA:503,0
DA:504,0
DA:506,0
DA:507,0
DA:518,0
DA:519,0
DA:523,0
DA:528,1
DA:529,0
DA:530,0
DA:532,0
DA:533,0
DA:534,0
DA:535,0
DA:538,0
DA:539,0
DA:541,0
DA:542,0
DA:543,0
DA:547,0
DA:552,1
DA:553,0
DA:554,0
DA:556,0
DA:557,0
DA:568,0
DA:569,0
DA:573,0
DA:578,1
DA:579,0
DA:580,0
DA:582,0
DA:583,0
DA:590,0
DA:593,0
DA:600,0
DA:601,0
DA:605,0
DA:610,1
DA:611,0
DA:612,0
DA:614,0
DA:615,0
DA:622,0
DA:625,0
DA:632,0
DA:633,0
DA:637,0
LF:210
LH:50
BRDA:34,0,0,0
BRDA:34,0,1,0
BRDA:68,1,0,0
BRDA:68,1,1,0
BRDA:80,2,0,1
BRDA:80,2,1,0
BRDA:91,3,0,0
BRDA:91,3,1,0
BRDA:99,4,0,0
BRDA:99,4,1,0
BRDA:111,5,0,1
BRDA:111,5,1,0
BRDA:111,6,0,1
BRDA:111,6,1,0
BRDA:113,7,0,0
BRDA:113,7,1,1
BRDA:115,8,0,0
BRDA:115,8,1,0
BRDA:116,9,0,0
BRDA:116,9,1,0
BRDA:116,9,2,0
BRDA:122,10,0,0
BRDA:122,10,1,0
BRDA:150,11,0,1
BRDA:150,11,1,0
BRDA:176,12,0,0
BRDA:176,12,1,0
BRDA:176,13,0,0
BRDA:176,13,1,0
BRDA:176,13,2,0
BRDA:177,14,0,0
BRDA:177,14,1,0
BRDA:191,15,0,0
BRDA:191,15,1,0
BRDA:205,16,0,1
BRDA:205,16,1,0
BRDA:205,17,0,1
BRDA:205,17,1,1
BRDA:206,18,0,0
BRDA:206,18,1,1
BRDA:210,19,0,1
BRDA:210,19,1,0
BRDA:223,20,0,0
BRDA:223,20,1,1
BRDA:241,21,0,1
BRDA:241,21,1,0
BRDA:252,22,0,0
BRDA:252,22,1,1
BRDA:255,23,0,1
BRDA:255,23,1,0
BRDA:273,24,0,1
BRDA:273,24,1,0
BRDA:285,25,0,0
BRDA:285,25,1,0
BRDA:294,26,0,0
BRDA:294,26,1,0
BRDA:298,27,0,0
BRDA:298,27,1,0
BRDA:310,28,0,0
BRDA:310,28,1,0
BRDA:325,29,0,0
BRDA:325,29,1,0
BRDA:339,30,0,0
BRDA:339,30,1,0
BRDA:341,31,0,0
BRDA:341,31,1,0
BRDA:342,32,0,0
BRDA:342,32,1,0
BRDA:342,32,2,0
BRDA:348,33,0,0
BRDA:348,33,1,0
BRDA:369,34,0,0
BRDA:369,34,1,0
BRDA:374,35,0,0
BRDA:374,35,1,0
BRDA:385,36,0,0
BRDA:385,36,1,0
BRDA:391,37,0,0
BRDA:391,37,1,0
BRDA:393,38,0,0
BRDA:393,38,1,0
BRDA:394,39,0,0
BRDA:394,39,1,0
BRDA:394,39,2,0
BRDA:400,40,0,0
BRDA:400,40,1,0
BRDA:424,41,0,0
BRDA:424,41,1,0
BRDA:432,42,0,0
BRDA:432,42,1,0
BRDA:444,43,0,0
BRDA:444,43,1,0
BRDA:450,44,0,0
BRDA:450,44,1,0
BRDA:452,45,0,0
BRDA:452,45,1,0
BRDA:453,46,0,0
BRDA:453,46,1,0
BRDA:453,46,2,0
BRDA:459,47,0,0
BRDA:459,47,1,0
BRDA:483,48,0,0
BRDA:483,48,1,0
BRDA:491,49,0,0
BRDA:491,49,1,0
BRDA:503,50,0,0
BRDA:503,50,1,0
BRDA:518,51,0,0
BRDA:518,51,1,0
BRDA:529,52,0,0
BRDA:529,52,1,0
BRDA:538,53,0,0
BRDA:538,53,1,0
BRDA:542,54,0,0
BRDA:542,54,1,0
BRDA:553,55,0,0
BRDA:553,55,1,0
BRDA:568,56,0,0
BRDA:568,56,1,0
BRDA:579,57,0,0
BRDA:579,57,1,0
BRDA:590,58,0,0
BRDA:590,58,1,0
BRDA:600,59,0,0
BRDA:600,59,1,0
BRDA:611,60,0,0
BRDA:611,60,1,0
BRDA:622,61,0,0
BRDA:622,61,1,0
BRDA:632,62,0,0
BRDA:632,62,1,0
BRF:131
BRH:15
end_of_record
TN:
SF:controllers\section_controller.js
FN:8,(anonymous_0)
FN:59,(anonymous_1)
FN:60,(anonymous_2)
FN:66,(anonymous_3)
FN:79,(anonymous_4)
FN:92,(anonymous_5)
FN:96,(anonymous_6)
FNF:7
FNH:0
FNDA:0,(anonymous_0)
FNDA:0,(anonymous_1)
FNDA:0,(anonymous_2)
FNDA:0,(anonymous_3)
FNDA:0,(anonymous_4)
FNDA:0,(anonymous_5)
FNDA:0,(anonymous_6)
DA:1,1
DA:2,1
DA:3,1
DA:4,1
DA:5,1
DA:8,1
DA:10,0
DA:11,0
DA:14,0
DA:15,0
DA:16,0
DA:21,0
DA:23,0
DA:25,0
DA:26,0
DA:28,0
DA:30,0
DA:38,0
DA:46,0
DA:47,0
DA:48,0
DA:50,0
DA:53,0
DA:54,0
DA:59,1
DA:60,0
DA:61,0
DA:62,0
DA:66,1
DA:68,0
DA:70,0
DA:75,0
DA:80,0
DA:81,0
DA:85,0
DA:86,0
DA:92,1
DA:94,0
DA:96,0
DA:97,0
DA:98,0
DA:101,0
DA:102,0
LF:43
LH:9
BRDA:10,0,0,0
BRDA:10,0,1,0
BRDA:14,1,0,0
BRDA:14,1,1,0
BRDA:16,2,0,0
BRDA:16,2,1,0
BRDA:17,3,0,0
BRDA:17,3,1,0
BRDA:17,3,2,0
BRDA:23,4,0,0
BRDA:23,4,1,0
BRDA:43,5,0,0
BRDA:43,5,1,0
BRDA:61,6,0,0
BRDA:61,6,1,0
BRDA:68,7,0,0
BRDA:68,7,1,0
BRDA:80,8,0,0
BRDA:80,8,1,0
BRDA:94,9,0,0
BRDA:94,9,1,0
BRDA:97,10,0,0
BRDA:97,10,1,0
BRF:23
BRH:0
end_of_record
TN:
SF:controllers\slide_controller.js
FN:8,(anonymous_0)
FN:39,(anonymous_1)
FNF:2
FNH:0
FNDA:0,(anonymous_0)
FNDA:0,(anonymous_1)
DA:1,1
DA:2,1
DA:3,1
DA:4,1
DA:5,1
DA:8,1
DA:10,0
DA:12,0
DA:13,0
DA:18,0
DA:20,0
DA:22,0
DA:23,0
DA:25,0
DA:27,0
DA:34,0
DA:35,0
DA:40,0
DA:41,0
DA:45,0
DA:48,0
DA:49,0
LF:22
LH:6
BRDA:10,0,0,0
BRDA:10,0,1,0
BRDA:13,1,0,0
BRDA:13,1,1,0
BRDA:14,2,0,0
BRDA:14,2,1,0
BRDA:14,2,2,0
BRDA:20,3,0,0
BRDA:20,3,1,0
BRDA:40,4,0,0
BRDA:40,4,1,0
BRF:11
BRH:0
end_of_record
TN:
SF:controllers\users_controller.js
FN:8,(anonymous_0)
FN:14,(anonymous_1)
FN:18,(anonymous_2)
FN:25,(anonymous_3)
FN:39,(anonymous_4)
FN:50,(anonymous_5)
FN:67,(anonymous_6)
FN:76,(anonymous_7)
FN:91,(anonymous_8)
FN:92,(anonymous_9)
FNF:10
FNH:0
FNDA:0,(anonymous_0)
FNDA:0,(anonymous_1)
FNDA:0,(anonymous_2)
FNDA:0,(anonymous_3)
FNDA:0,(anonymous_4)
FNDA:0,(anonymous_5)
FNDA:0,(anonymous_6)
FNDA:0,(anonymous_7)
FNDA:0,(anonymous_8)
FNDA:0,(anonymous_9)
DA:1,1
DA:2,1
DA:3,1
DA:5,1
DA:8,1
DA:9,0
DA:10,0
DA:14,1
DA:15,0
DA:16,0
DA:18,0
DA:19,0
DA:20,0
DA:25,1
DA:26,0
DA:27,0
DA:29,0
DA:30,0
DA:40,0
DA:41,0
DA:45,0
DA:50,1
DA:51,0
DA:52,0
DA:53,0
DA:55,0
DA:56,0
DA:57,0
DA:59,0
DA:62,0
DA:63,0
DA:67,1
DA:68,0
DA:69,0
DA:70,0
DA:71,0
DA:73,0
DA:77,0
DA:91,0
DA:92,0
LF:40
LH:9
BRDA:15,0,0,0
BRDA:15,0,1,0
BRDA:19,1,0,0
BRDA:19,1,1,0
BRDA:26,2,0,0
BRDA:26,2,1,0
BRDA:40,3,0,0
BRDA:40,3,1,0
BRDA:51,4,0,0
BRDA:51,4,1,0
BRDA:52,5,0,0
BRDA:52,5,1,0
BRF:12
BRH:0
end_of_record
TN:
SF:middleware\middleware.js
FN:5,(anonymous_0)
FN:8,(anonymous_1)
FN:25,(anonymous_2)
FN:28,(anonymous_3)
FNF:4
FNH:1
FNDA:1,(anonymous_0)
FNDA:0,(anonymous_1)
FNDA:0,(anonymous_2)
FNDA:0,(anonymous_3)
DA:1,1
DA:2,1
DA:5,1
DA:6,1
DA:7,1
DA:8,0
DA:9,0
DA:10,0
DA:11,0
DA:13,0
DA:14,0
DA:15,0
DA:19,1
DA:20,1
DA:25,1
DA:26,0
DA:27,0
DA:28,0
DA:29,0
DA:30,0
DA:31,0
DA:33,0
DA:34,0
DA:38,0
LF:24
LH:8
BRDA:7,0,0,0
BRDA:7,0,1,1
BRDA:9,1,0,0
BRDA:9,1,1,0
BRDA:27,2,0,0
BRDA:27,2,1,0
BRDA:29,3,0,0
BRDA:29,3,1,0
BRF:8
BRH:1
end_of_record
TN:
SF:models\param_model.js
FNF:0
FNH:0
DA:1,1
DA:3,1
DA:27,1
LF:3
LH:3
BRF:0
BRH:0
end_of_record
TN:
SF:models\post_model.js
FNF:0
FNH:0
DA:1,1
DA:3,1
DA:114,1
LF:3
LH:3
BRF:0
BRH:0
end_of_record
TN:
SF:models\section_model.js
FNF:0
FNH:0
DA:1,1
DA:3,1
DA:27,1
LF:3
LH:3
BRF:0
BRH:0
end_of_record
TN:
SF:models\user_model.js
FN:50,(anonymous_0)
FN:56,(anonymous_1)
FNF:2
FNH:0
FNDA:0,(anonymous_0)
FNDA:0,(anonymous_1)
DA:1,1
DA:2,1
DA:3,1
DA:4,1
DA:50,1
DA:51,0
DA:52,0
DA:53,0
DA:56,1
DA:57,0
DA:58,0
DA:59,0
DA:60,0
DA:61,0
DA:63,0
DA:65,0
DA:68,1
DA:70,1
LF:18
LH:8
BRDA:58,0,0,0
BRDA:58,0,1,0
BRDA:60,1,0,0
BRDA:60,1,1,0
BRF:4
BRH:0
end_of_record
TN:
SF:routes\param_route.js
FNF:0
FNH:0
DA:1,1
DA:2,1
DA:3,1
DA:4,1
DA:5,1
DA:8,1
DA:9,1
DA:10,1
DA:11,1
DA:12,1
DA:16,1
LF:11
LH:11
BRF:0
BRH:0
end_of_record
TN:
SF:routes\post_route.js
FNF:0
FNH:0
DA:1,1
DA:2,1
DA:3,1
DA:4,1
DA:8,1
DA:9,1
DA:10,1
DA:11,1
DA:12,1
DA:15,1
DA:16,1
DA:19,1
DA:20,1
DA:21,1
DA:24,1
DA:25,1
DA:26,1
DA:30,1
DA:31,1
DA:32,1
DA:36,1
DA:37,1
DA:39,1
LF:23
LH:23
BRF:0
BRH:0
end_of_record
TN:
SF:routes\section_route.js
FNF:0
FNH:0
DA:1,1
DA:2,1
DA:3,1
DA:4,1
DA:5,1
DA:7,1
DA:8,1
DA:9,1
DA:10,1
DA:11,1
DA:13,1
LF:11
LH:11
BRF:0
BRH:0
end_of_record
TN:
SF:routes\user_route.js
FNF:0
FNH:0
DA:1,1
DA:2,1
DA:3,1
DA:4,1
DA:5,1
DA:6,1
DA:9,1
DA:10,1
DA:11,1
DA:12,1
DA:13,1
DA:14,1
DA:15,1
DA:16,1
DA:17,1
DA:18,1
DA:20,1
DA:22,1
LF:18
LH:18
BRF:0
BRH:0
end_of_record
TN:
SF:utilitaires\errors_utils.js
FN:1,(anonymous_0)
FN:25,(anonymous_1)
FN:37,(anonymous_2)
FNF:3
FNH:0
FNDA:0,(anonymous_0)
FNDA:0,(anonymous_1)
FNDA:0,(anonymous_2)
DA:1,1
DA:2,0
DA:4,0
DA:5,0
DA:7,0
DA:8,0
DA:10,0
DA:11,0
DA:13,0
DA:14,0
DA:16,0
DA:17,0
DA:19,0
DA:20,0
DA:22,0
DA:25,1
DA:26,0
DA:28,0
DA:29,0
DA:31,0
DA:32,0
DA:34,0
DA:37,1
DA:38,0
DA:40,0
DA:41,0
DA:43,0
DA:44,0
DA:46,0
DA:47,0
DA:49,0
LF:31
LH:3
BRDA:4,0,0,0
BRDA:4,0,1,0
BRDA:7,1,0,0
BRDA:7,1,1,0
BRDA:10,2,0,0
BRDA:10,2,1,0
BRDA:13,3,0,0
BRDA:13,3,1,0
BRDA:16,4,0,0
BRDA:16,4,1,0
BRDA:16,5,0,0
BRDA:16,5,1,0
BRDA:19,6,0,0
BRDA:19,6,1,0
BRDA:19,7,0,0
BRDA:19,7,1,0
BRDA:28,8,0,0
BRDA:28,8,1,0
BRDA:31,9,0,0
BRDA:31,9,1,0
BRDA:40,10,0,0
BRDA:40,10,1,0
BRDA:43,11,0,0
BRDA:43,11,1,0
BRDA:46,12,0,0
BRDA:46,12,1,0
BRF:26
BRH:0
end_of_record
